2021-12-26 14:37:15.115 | INFO     | __main__:<module>:125 - Bot is starting
2021-12-26 14:38:23.505 | INFO     | __main__:request_handler:46 - message 327894149/highprice
2021-12-26 14:38:45.802 | INFO     | __main__:callback_inline:94 - call chat_id 327894149: 118894.city_id
2021-12-26 14:39:28.409 | INFO     | __main__:calendar:70 - call chat_id 327894149: cbcal_0_s_d_2021_12_25
2021-12-26 14:39:30.472 | INFO     | __main__:calendar:70 - call chat_id 327894149: cbcal_0_s_d_2021_12_26
2021-12-26 14:39:45.570 | INFO     | __main__:request_handler:46 - message 327894149/lowprice
2021-12-26 14:39:54.176 | INFO     | __main__:callback_inline:94 - call chat_id 327894149: 118894.city_id
2021-12-26 14:40:06.945 | INFO     | __main__:calendar:70 - call chat_id 327894149: cbcal_0_s_d_2021_12_25
2021-12-26 14:40:11.622 | INFO     | __main__:calendar:70 - call chat_id 327894149: cbcal_0_s_d_2021_12_30
2021-12-26 14:40:29.620 | INFO     | __main__:request_handler:46 - message 327894149/highprice
2021-12-26 14:40:38.449 | INFO     | __main__:callback_inline:94 - call chat_id 327894149: 118894.city_id
2021-12-26 14:40:53.517 | INFO     | __main__:calendar:70 - call chat_id 327894149: cbcal_0_s_d_2021_12_28
2021-12-26 14:40:55.186 | INFO     | __main__:calendar:70 - call chat_id 327894149: cbcal_0_s_d_2021_12_31
2021-12-26 14:41:05.981 | INFO     | __main__:callback_inline:94 - call chat_id 327894149: 560355.hotel_id
2021-12-26 14:41:08.013 | INFO     | __main__:callback_inline:94 - call chat_id 327894149: Yes.photo
2021-12-26 15:42:25.101 | INFO     | __main__:<module>:125 - Bot is starting
2021-12-26 15:42:25.107 | INFO     | botrequests.bot_func:create_database:228 - message: таблицы Session и HistoryQuery созданы или существуют
2021-12-26 15:42:50.887 | INFO     | __main__:request_handler:46 - message 327894149/lowprice
2021-12-26 15:42:50.917 | INFO     | botrequests.bot_func:add_new_save:253 - message 327894149: Начальная запись текущего запроса создана
2021-12-26 15:43:05.606 | INFO     | botrequests.bot_func:update_save:267 - message 327894149: Обновление в базе: query = Самара
2021-12-26 15:43:05.716 | INFO     | botrequests.bot_func:update_save:267 - message 327894149: Обновление в базе: locale = ru_RU
2021-12-26 15:43:05.830 | INFO     | botrequests.bot_func:update_save:267 - message 327894149: Обновление в базе: currency = RUB
2021-12-26 15:43:05.957 | INFO     | botrequests.bot_func:get_key_from_save:294 - message: Запрос ключа из базы: query
2021-12-26 15:43:05.963 | INFO     | botrequests.bot_func:get_value_from_save:280 - message 327894149: Запрос значения из базы: query
2021-12-26 15:43:05.969 | INFO     | botrequests.bot_func:get_key_from_save:294 - message: Запрос ключа из базы: locale
2021-12-26 15:43:05.974 | INFO     | botrequests.bot_func:get_value_from_save:280 - message 327894149: Запрос значения из базы: locale
2021-12-26 15:43:05.980 | INFO     | botrequests.bot_func:get_key_from_save:294 - message: Запрос ключа из базы: currency
2021-12-26 15:43:05.986 | INFO     | botrequests.bot_func:get_value_from_save:280 - message 327894149: Запрос значения из базы: currency
2021-12-26 15:43:07.029 | INFO     | botrequests.bot_func:object_search:147 - message 327894149: Запрос от search_city отработан
2021-12-26 15:43:07.030 | INFO     | botrequests.bot_func:search_city:40 - message 327894149: Найдено 2 вариантов названия города на выбор
2021-12-26 15:43:24.450 | INFO     | __main__:callback_inline:94 - call chat_id 327894149: 1161981.city_id
2021-12-26 15:43:24.479 | INFO     | botrequests.bot_func:update_save:267 - message 2070418965: Обновление в базе: city_id = 1161981
2021-12-26 15:43:43.962 | INFO     | botrequests.bot_func:number_hotels:53 - message 327894149: Введено не число от 1 до 25
2021-12-26 15:43:47.937 | INFO     | botrequests.bot_func:number_hotels:53 - message 327894149: Введено не число от 1 до 25
2021-12-26 15:44:15.649 | INFO     | botrequests.bot_func:number_hotels:58 - message 327894149: Количество отелей введено корректно
2021-12-26 15:44:15.671 | INFO     | botrequests.bot_func:update_save:267 - message 327894149: Обновление в базе: number_hotels = 7
2021-12-26 15:44:23.107 | INFO     | botrequests.bot_func:number_guests:79 - message 327894149: Количество гостей введено корректно
2021-12-26 15:44:23.163 | INFO     | botrequests.bot_func:update_save:267 - message 327894149: Обновление в базе: number_persons = 2
2021-12-26 15:44:23.271 | INFO     | botrequests.bot_func:get_value_from_save:280 - message 327894149: Запрос значения из базы: locale
2021-12-26 15:44:23.279 | INFO     | botrequests.bot_func:get_value_from_save:280 - message 327894149: Запрос значения из базы: check_in
2021-12-26 15:44:36.274 | INFO     | botrequests.bot_func:get_value_from_save:280 - message 2070418965: Запрос значения из базы: locale
2021-12-26 15:44:36.376 | INFO     | __main__:calendar:70 - call chat_id 327894149: cbcal_0_s_d_2021_12_31
2021-12-26 15:44:36.382 | INFO     | botrequests.bot_func:get_value_from_save:280 - message 2070418965: Запрос значения из базы: check_in
2021-12-26 15:44:36.408 | INFO     | botrequests.bot_func:update_save:267 - message 2070418965: Обновление в базе: check_in = 2021-12-31
2021-12-26 15:44:36.537 | INFO     | botrequests.bot_func:get_value_from_save:280 - message 2070418965: Запрос значения из базы: check_out
2021-12-26 15:44:36.544 | INFO     | botrequests.bot_func:get_value_from_save:280 - message 2070418965: Запрос значения из базы: locale
2021-12-26 15:44:36.553 | INFO     | botrequests.bot_func:get_value_from_save:280 - message 2070418965: Запрос значения из базы: check_in
2021-12-26 15:44:42.695 | INFO     | botrequests.bot_func:get_value_from_save:280 - message 2070418965: Запрос значения из базы: locale
2021-12-26 15:44:42.703 | INFO     | botrequests.bot_func:get_value_from_save:280 - message 2070418965: Запрос значения из базы: check_in
2021-12-26 15:44:46.294 | INFO     | botrequests.bot_func:get_value_from_save:280 - message 2070418965: Запрос значения из базы: locale
2021-12-26 15:44:46.391 | INFO     | __main__:calendar:70 - call chat_id 327894149: cbcal_0_s_d_2022_1_6
2021-12-26 15:44:46.398 | INFO     | botrequests.bot_func:get_value_from_save:280 - message 2070418965: Запрос значения из базы: check_in
2021-12-26 15:44:46.419 | INFO     | botrequests.bot_func:update_save:267 - message 2070418965: Обновление в базе: check_out = 2022-01-06
2021-12-26 15:44:46.548 | INFO     | botrequests.bot_func:get_value_from_save:280 - message 2070418965: Запрос значения из базы: check_out
2021-12-26 15:44:46.554 | INFO     | botrequests.bot_func:get_value_from_save:280 - message 2070418965: Запрос значения из базы: check_in
2021-12-26 15:44:46.561 | INFO     | botrequests.bot_func:get_value_from_save:280 - message 2070418965: Запрос значения из базы: check_out
2021-12-26 15:44:46.562 | INFO     | botrequests.bot_func:validation_dates:105 - message 2070418965: Даты введены некорректно
2021-12-26 15:44:46.700 | INFO     | botrequests.bot_func:update_save:267 - message 2070418965: Обновление в базе: check_in = 
2021-12-26 15:44:46.810 | INFO     | botrequests.bot_func:update_save:267 - message 2070418965: Обновление в базе: check_out = 
2021-12-26 15:44:46.892 | INFO     | botrequests.bot_func:get_value_from_save:280 - message 2070418965: Запрос значения из базы: locale
2021-12-26 15:44:46.900 | INFO     | botrequests.bot_func:get_value_from_save:280 - message 2070418965: Запрос значения из базы: check_in
2021-12-26 15:45:24.698 | INFO     | botrequests.bot_func:get_value_from_save:280 - message 2070418965: Запрос значения из базы: locale
2021-12-26 15:45:24.706 | INFO     | botrequests.bot_func:get_value_from_save:280 - message 2070418965: Запрос значения из базы: check_in
2021-12-26 15:45:27.332 | INFO     | botrequests.bot_func:get_value_from_save:280 - message 2070418965: Запрос значения из базы: locale
2021-12-26 15:45:27.428 | INFO     | __main__:calendar:70 - call chat_id 327894149: cbcal_0_s_d_2022_1_6
2021-12-26 15:45:27.434 | INFO     | botrequests.bot_func:get_value_from_save:280 - message 2070418965: Запрос значения из базы: check_in
2021-12-26 15:45:27.464 | INFO     | botrequests.bot_func:update_save:267 - message 2070418965: Обновление в базе: check_in = 2022-01-06
2021-12-26 15:45:27.593 | INFO     | botrequests.bot_func:get_value_from_save:280 - message 2070418965: Запрос значения из базы: check_out
2021-12-26 15:45:27.600 | INFO     | botrequests.bot_func:get_value_from_save:280 - message 2070418965: Запрос значения из базы: locale
2021-12-26 15:45:27.608 | INFO     | botrequests.bot_func:get_value_from_save:280 - message 2070418965: Запрос значения из базы: check_in
2021-12-26 15:45:36.688 | INFO     | botrequests.bot_func:get_value_from_save:280 - message 2070418965: Запрос значения из базы: locale
2021-12-26 15:45:36.696 | INFO     | botrequests.bot_func:get_value_from_save:280 - message 2070418965: Запрос значения из базы: check_in
2021-12-26 15:45:39.259 | INFO     | botrequests.bot_func:get_value_from_save:280 - message 2070418965: Запрос значения из базы: locale
2021-12-26 15:45:39.373 | INFO     | __main__:calendar:70 - call chat_id 327894149: cbcal_0_s_d_2022_1_12
2021-12-26 15:45:39.380 | INFO     | botrequests.bot_func:get_value_from_save:280 - message 2070418965: Запрос значения из базы: check_in
2021-12-26 15:45:39.389 | INFO     | botrequests.bot_func:update_save:267 - message 2070418965: Обновление в базе: check_out = 2022-01-12
2021-12-26 15:45:39.515 | INFO     | botrequests.bot_func:get_value_from_save:280 - message 2070418965: Запрос значения из базы: check_out
2021-12-26 15:45:39.521 | INFO     | botrequests.bot_func:get_value_from_save:280 - message 2070418965: Запрос значения из базы: check_in
2021-12-26 15:45:39.528 | INFO     | botrequests.bot_func:get_value_from_save:280 - message 2070418965: Запрос значения из базы: check_out
2021-12-26 15:45:39.529 | INFO     | botrequests.bot_func:validation_dates:103 - message 2070418965: Даты введены корректно
2021-12-26 15:45:39.659 | INFO     | botrequests.bot_func:get_key_from_save:294 - message: Запрос ключа из базы: city_id
2021-12-26 15:45:39.666 | INFO     | botrequests.bot_func:get_value_from_save:280 - message 2070418965: Запрос значения из базы: city_id
2021-12-26 15:45:39.672 | INFO     | botrequests.bot_func:get_key_from_save:294 - message: Запрос ключа из базы: page_number
2021-12-26 15:45:39.678 | INFO     | botrequests.bot_func:get_value_from_save:280 - message 2070418965: Запрос значения из базы: page_number
2021-12-26 15:45:39.683 | INFO     | botrequests.bot_func:get_key_from_save:294 - message: Запрос ключа из базы: number_hotels
2021-12-26 15:45:39.689 | INFO     | botrequests.bot_func:get_value_from_save:280 - message 2070418965: Запрос значения из базы: number_hotels
2021-12-26 15:45:39.695 | INFO     | botrequests.bot_func:get_key_from_save:294 - message: Запрос ключа из базы: check_in
2021-12-26 15:45:39.701 | INFO     | botrequests.bot_func:get_value_from_save:280 - message 2070418965: Запрос значения из базы: check_in
2021-12-26 15:45:39.707 | INFO     | botrequests.bot_func:get_key_from_save:294 - message: Запрос ключа из базы: check_out
2021-12-26 15:45:39.713 | INFO     | botrequests.bot_func:get_value_from_save:280 - message 2070418965: Запрос значения из базы: check_out
2021-12-26 15:45:39.719 | INFO     | botrequests.bot_func:get_key_from_save:294 - message: Запрос ключа из базы: number_persons
2021-12-26 15:45:39.725 | INFO     | botrequests.bot_func:get_value_from_save:280 - message 2070418965: Запрос значения из базы: number_persons
2021-12-26 15:45:39.732 | INFO     | botrequests.bot_func:get_key_from_save:294 - message: Запрос ключа из базы: sort_order
2021-12-26 15:45:39.739 | INFO     | botrequests.bot_func:get_value_from_save:280 - message 2070418965: Запрос значения из базы: sort_order
2021-12-26 15:45:39.746 | INFO     | botrequests.bot_func:get_key_from_save:294 - message: Запрос ключа из базы: locale
2021-12-26 15:45:39.753 | INFO     | botrequests.bot_func:get_value_from_save:280 - message 2070418965: Запрос значения из базы: locale
2021-12-26 15:45:39.762 | INFO     | botrequests.bot_func:get_key_from_save:294 - message: Запрос ключа из базы: currency
2021-12-26 15:45:39.767 | INFO     | botrequests.bot_func:get_value_from_save:280 - message 2070418965: Запрос значения из базы: currency
2021-12-26 15:45:43.851 | INFO     | botrequests.bot_func:object_search:147 - message 2070418965: Запрос от search_hotels отработан
2021-12-26 15:45:43.852 | INFO     | botrequests.bot_func:search_hotels:128 - message 2070418965: Обнаружено 7 вариантов отелей
2021-12-26 15:46:00.034 | INFO     | __main__:callback_inline:94 - call chat_id 327894149: 1343337152.hotel_id
2021-12-26 15:46:00.072 | INFO     | botrequests.bot_func:update_save:267 - message 2070418965: Обновление в базе: hotel_id = 1343337152
2021-12-26 15:46:04.617 | INFO     | __main__:callback_inline:94 - call chat_id 327894149: Yes.photo
2021-12-26 15:46:46.945 | INFO     | botrequests.bot_func:number_photos:194 - message 327894149: Количество фотографий не корректное
2021-12-26 15:46:55.110 | INFO     | botrequests.bot_func:number_photos:199 - message 327894149: Количество фотографий корректное
2021-12-26 15:46:55.166 | INFO     | botrequests.bot_func:update_save:267 - message 327894149: Обновление в базе: hotel_pics = 7
2021-12-26 15:46:55.294 | INFO     | botrequests.bot_func:get_key_from_save:294 - message: Запрос ключа из базы: hotel_id
2021-12-26 15:46:55.300 | INFO     | botrequests.bot_func:get_value_from_save:280 - message 327894149: Запрос значения из базы: hotel_id
2021-12-26 15:46:55.306 | INFO     | botrequests.bot_func:get_key_from_save:294 - message: Запрос ключа из базы: check_in
2021-12-26 15:46:55.312 | INFO     | botrequests.bot_func:get_value_from_save:280 - message 327894149: Запрос значения из базы: check_in
2021-12-26 15:46:55.318 | INFO     | botrequests.bot_func:get_key_from_save:294 - message: Запрос ключа из базы: check_out
2021-12-26 15:46:55.325 | INFO     | botrequests.bot_func:get_value_from_save:280 - message 327894149: Запрос значения из базы: check_out
2021-12-26 15:46:55.331 | INFO     | botrequests.bot_func:get_key_from_save:294 - message: Запрос ключа из базы: number_persons
2021-12-26 15:46:55.338 | INFO     | botrequests.bot_func:get_value_from_save:280 - message 327894149: Запрос значения из базы: number_persons
2021-12-26 15:46:55.343 | INFO     | botrequests.bot_func:get_key_from_save:294 - message: Запрос ключа из базы: locale
2021-12-26 15:46:55.349 | INFO     | botrequests.bot_func:get_value_from_save:280 - message 327894149: Запрос значения из базы: locale
2021-12-26 15:46:55.356 | INFO     | botrequests.bot_func:get_key_from_save:294 - message: Запрос ключа из базы: currency
2021-12-26 15:46:55.363 | INFO     | botrequests.bot_func:get_value_from_save:280 - message 327894149: Запрос значения из базы: currency
2021-12-26 15:47:00.576 | INFO     | botrequests.bot_func:object_search:147 - message 327894149: Запрос от search_hotel_info отработан
2021-12-26 15:47:00.577 | INFO     | botrequests.bot_func:search_hotel_info:166 - message 327894149: Информация об отеле отправлена пользователю
2021-12-26 15:47:00.794 | INFO     | botrequests.bot_func:get_value_from_save:280 - message 327894149: Запрос значения из базы: hotel_pics
2021-12-26 15:47:00.800 | INFO     | botrequests.bot_func:get_key_from_save:294 - message: Запрос ключа из базы: hotel_id
2021-12-26 15:47:00.806 | INFO     | botrequests.bot_func:get_value_from_save:280 - message 327894149: Запрос значения из базы: hotel_id
2021-12-26 15:47:02.064 | INFO     | botrequests.bot_func:object_search:147 - message 327894149: Запрос от search_hotel_photos отработан
2021-12-26 15:47:02.070 | INFO     | botrequests.bot_func:get_value_from_save:280 - message 327894149: Запрос значения из базы: hotel_pics
2021-12-26 15:47:02.071 | INFO     | botrequests.bot_func:search_hotel_photos:220 - message 327894149: Фотографии отправлены пользователю
2021-12-26 15:47:02.273 | INFO     | botrequests.bot_func:search_hotel_photos:220 - message 327894149: Фотографии отправлены пользователю
2021-12-26 15:47:02.516 | INFO     | botrequests.bot_func:search_hotel_photos:220 - message 327894149: Фотографии отправлены пользователю
2021-12-26 15:47:02.771 | INFO     | botrequests.bot_func:search_hotel_photos:220 - message 327894149: Фотографии отправлены пользователю
2021-12-26 15:47:02.956 | INFO     | botrequests.bot_func:search_hotel_photos:220 - message 327894149: Фотографии отправлены пользователю
2021-12-26 15:47:03.086 | INFO     | botrequests.bot_func:search_hotel_photos:220 - message 327894149: Фотографии отправлены пользователю
2021-12-26 15:47:06.180 | INFO     | botrequests.bot_func:search_hotel_photos:220 - message 327894149: Фотографии отправлены пользователю
2021-12-26 16:48:06.247 | INFO     | __main__:<module>:126 - Bot is starting
2021-12-26 16:48:06.350 | INFO     | botrequests.bot_func:create_database:245 - message: таблицы Session и HistoryQuery созданы или существуют
2021-12-26 16:48:44.601 | INFO     | __main__:request_handler:46 - message 327894149/highprice
2021-12-26 16:48:44.654 | INFO     | botrequests.bot_func:add_new_save:270 - message 327894149: Начальная запись текущего запроса создана
2021-12-26 16:49:03.601 | INFO     | botrequests.bot_func:update_save:284 - message 327894149: Обновление в базе: query = Харьков
2021-12-26 16:49:03.729 | INFO     | botrequests.bot_func:update_save:284 - message 327894149: Обновление в базе: locale = ru_RU
2021-12-26 16:49:03.907 | INFO     | botrequests.bot_func:update_save:284 - message 327894149: Обновление в базе: currency = RUB
2021-12-26 16:49:04.114 | INFO     | botrequests.bot_func:get_key_from_save:311 - message: Запрос ключа из базы: query = query
2021-12-26 16:49:04.123 | INFO     | botrequests.bot_func:get_value_from_save:297 - message 327894149: Запрос значения из базы: query = Харьков
2021-12-26 16:49:04.130 | INFO     | botrequests.bot_func:get_key_from_save:311 - message: Запрос ключа из базы: locale = locale
2021-12-26 16:49:04.138 | INFO     | botrequests.bot_func:get_value_from_save:297 - message 327894149: Запрос значения из базы: locale = ru_RU
2021-12-26 16:49:04.145 | INFO     | botrequests.bot_func:get_key_from_save:311 - message: Запрос ключа из базы: currency = currency
2021-12-26 16:49:04.150 | INFO     | botrequests.bot_func:get_value_from_save:297 - message 327894149: Запрос значения из базы: currency = RUB
2021-12-26 16:49:05.583 | INFO     | botrequests.bot_func:object_search:164 - message 327894149: Запрос от search_city отработан
2021-12-26 16:49:05.584 | INFO     | botrequests.bot_func:search_city:40 - message 327894149: Найдено 1 вариантов названия города на выбор
2021-12-26 16:49:09.801 | INFO     | __main__:callback_inline:95 - call chat_id 327894149: 1383328.city_id
2021-12-26 16:49:09.842 | INFO     | botrequests.bot_func:update_save:284 - message 2070418965: Обновление в базе: city_id = 1383328
2021-12-26 16:49:16.029 | INFO     | botrequests.bot_func:number_hotels:58 - message 327894149: Количество отелей введено корректно
2021-12-26 16:49:16.061 | INFO     | botrequests.bot_func:update_save:284 - message 327894149: Обновление в базе: number_hotels = 5
2021-12-26 16:49:25.236 | INFO     | botrequests.bot_func:number_guests:79 - message 327894149: Количество гостей введено корректно
2021-12-26 16:49:25.276 | INFO     | botrequests.bot_func:update_save:284 - message 327894149: Обновление в базе: number_persons = 3
2021-12-26 16:49:25.404 | INFO     | botrequests.bot_func:get_value_from_save:297 - message 327894149: Запрос значения из базы: locale = ru_RU
2021-12-26 16:49:25.411 | INFO     | botrequests.bot_func:get_value_from_save:297 - message 327894149: Запрос значения из базы: check_in = 
2021-12-26 16:49:39.344 | INFO     | botrequests.bot_func:get_value_from_save:297 - message 2070418965: Запрос значения из базы: locale = ru_RU
2021-12-26 16:49:39.458 | INFO     | __main__:calendar:70 - call chat_id 327894149: cbcal_0_s_d_2021_12_31
2021-12-26 16:49:39.464 | INFO     | botrequests.bot_func:get_value_from_save:297 - message 2070418965: Запрос значения из базы: check_in = 
2021-12-26 16:49:39.498 | INFO     | botrequests.bot_func:update_save:284 - message 2070418965: Обновление в базе: check_in = 2021-12-31
2021-12-26 16:49:39.615 | INFO     | botrequests.bot_func:get_value_from_save:297 - message 2070418965: Запрос значения из базы: check_out = 
2021-12-26 16:49:39.621 | INFO     | botrequests.bot_func:get_value_from_save:297 - message 2070418965: Запрос значения из базы: locale = ru_RU
2021-12-26 16:49:39.627 | INFO     | botrequests.bot_func:get_value_from_save:297 - message 2070418965: Запрос значения из базы: check_in = 2021-12-31
2021-12-26 16:49:45.636 | INFO     | botrequests.bot_func:get_value_from_save:297 - message 2070418965: Запрос значения из базы: locale = ru_RU
2021-12-26 16:49:45.730 | INFO     | __main__:calendar:70 - call chat_id 327894149: cbcal_0_s_d_2021_12_29
2021-12-26 16:49:45.736 | INFO     | botrequests.bot_func:get_value_from_save:297 - message 2070418965: Запрос значения из базы: check_in = 2021-12-31
2021-12-26 16:49:45.765 | INFO     | botrequests.bot_func:update_save:284 - message 2070418965: Обновление в базе: check_out = 2021-12-29
2021-12-26 16:49:45.931 | INFO     | botrequests.bot_func:get_value_from_save:297 - message 2070418965: Запрос значения из базы: check_out = 2021-12-29
2021-12-26 16:49:45.938 | INFO     | botrequests.bot_func:get_value_from_save:297 - message 2070418965: Запрос значения из базы: check_in = 2021-12-31
2021-12-26 16:49:45.944 | INFO     | botrequests.bot_func:get_value_from_save:297 - message 2070418965: Запрос значения из базы: check_out = 2021-12-29
2021-12-26 16:49:45.945 | INFO     | botrequests.bot_func:validation_dates:121 - message 2070418965: Даты 2021-12-31 и 2021-12-29 введены не корректно
2021-12-26 16:49:46.069 | INFO     | botrequests.bot_func:update_save:284 - message 2070418965: Обновление в базе: check_in = 
2021-12-26 16:49:46.201 | INFO     | botrequests.bot_func:update_save:284 - message 2070418965: Обновление в базе: check_out = 
2021-12-26 16:49:46.363 | INFO     | botrequests.bot_func:get_value_from_save:297 - message 2070418965: Запрос значения из базы: locale = ru_RU
2021-12-26 16:49:46.371 | INFO     | botrequests.bot_func:get_value_from_save:297 - message 2070418965: Запрос значения из базы: check_in = 
2021-12-26 16:50:12.562 | INFO     | botrequests.bot_func:get_value_from_save:297 - message 2070418965: Запрос значения из базы: locale = ru_RU
2021-12-26 16:50:12.664 | INFO     | __main__:calendar:70 - call chat_id 327894149: cbcal_0_s_d_2021_12_31
2021-12-26 16:50:12.670 | INFO     | botrequests.bot_func:get_value_from_save:297 - message 2070418965: Запрос значения из базы: check_in = 
2021-12-26 16:50:12.687 | INFO     | botrequests.bot_func:update_save:284 - message 2070418965: Обновление в базе: check_in = 2021-12-31
2021-12-26 16:50:12.841 | INFO     | botrequests.bot_func:get_value_from_save:297 - message 2070418965: Запрос значения из базы: check_out = 
2021-12-26 16:50:12.848 | INFO     | botrequests.bot_func:get_value_from_save:297 - message 2070418965: Запрос значения из базы: locale = ru_RU
2021-12-26 16:50:12.855 | INFO     | botrequests.bot_func:get_value_from_save:297 - message 2070418965: Запрос значения из базы: check_in = 2021-12-31
2021-12-26 16:50:14.436 | INFO     | botrequests.bot_func:get_value_from_save:297 - message 2070418965: Запрос значения из базы: locale = ru_RU
2021-12-26 16:50:14.444 | INFO     | botrequests.bot_func:get_value_from_save:297 - message 2070418965: Запрос значения из базы: check_in = 2021-12-31
2021-12-26 16:50:17.772 | INFO     | botrequests.bot_func:get_value_from_save:297 - message 2070418965: Запрос значения из базы: locale = ru_RU
2021-12-26 16:50:17.915 | INFO     | __main__:calendar:70 - call chat_id 327894149: cbcal_0_s_d_2022_1_9
2021-12-26 16:50:17.922 | INFO     | botrequests.bot_func:get_value_from_save:297 - message 2070418965: Запрос значения из базы: check_in = 2021-12-31
2021-12-26 16:50:17.943 | INFO     | botrequests.bot_func:update_save:284 - message 2070418965: Обновление в базе: check_out = 2022-01-09
2021-12-26 16:50:18.082 | INFO     | botrequests.bot_func:get_value_from_save:297 - message 2070418965: Запрос значения из базы: check_out = 2022-01-09
2021-12-26 16:50:18.088 | INFO     | botrequests.bot_func:get_value_from_save:297 - message 2070418965: Запрос значения из базы: check_in = 2021-12-31
2021-12-26 16:50:18.094 | INFO     | botrequests.bot_func:get_value_from_save:297 - message 2070418965: Запрос значения из базы: check_out = 2022-01-09
2021-12-26 16:50:18.095 | INFO     | __main__:calendar:80 - message 2070418965: Даты введены корректно
2021-12-26 16:50:18.204 | INFO     | botrequests.bot_func:get_key_from_save:311 - message: Запрос ключа из базы: city_id = destinationId
2021-12-26 16:50:18.210 | INFO     | botrequests.bot_func:get_value_from_save:297 - message 2070418965: Запрос значения из базы: city_id = 1383328
2021-12-26 16:50:18.215 | INFO     | botrequests.bot_func:get_key_from_save:311 - message: Запрос ключа из базы: page_number = pageNumber
2021-12-26 16:50:18.221 | INFO     | botrequests.bot_func:get_value_from_save:297 - message 2070418965: Запрос значения из базы: page_number = 1
2021-12-26 16:50:18.227 | INFO     | botrequests.bot_func:get_key_from_save:311 - message: Запрос ключа из базы: number_hotels = pageSize
2021-12-26 16:50:18.232 | INFO     | botrequests.bot_func:get_value_from_save:297 - message 2070418965: Запрос значения из базы: number_hotels = 5
2021-12-26 16:50:18.238 | INFO     | botrequests.bot_func:get_key_from_save:311 - message: Запрос ключа из базы: check_in = checkIn
2021-12-26 16:50:18.244 | INFO     | botrequests.bot_func:get_value_from_save:297 - message 2070418965: Запрос значения из базы: check_in = 2021-12-31
2021-12-26 16:50:18.250 | INFO     | botrequests.bot_func:get_key_from_save:311 - message: Запрос ключа из базы: check_out = checkOut
2021-12-26 16:50:18.256 | INFO     | botrequests.bot_func:get_value_from_save:297 - message 2070418965: Запрос значения из базы: check_out = 2022-01-09
2021-12-26 16:50:18.262 | INFO     | botrequests.bot_func:get_key_from_save:311 - message: Запрос ключа из базы: number_persons = adults1
2021-12-26 16:50:18.268 | INFO     | botrequests.bot_func:get_value_from_save:297 - message 2070418965: Запрос значения из базы: number_persons = 3
2021-12-26 16:50:18.273 | INFO     | botrequests.bot_func:get_key_from_save:311 - message: Запрос ключа из базы: sort_order = sortOrder
2021-12-26 16:50:18.279 | INFO     | botrequests.bot_func:get_value_from_save:297 - message 2070418965: Запрос значения из базы: sort_order = PRICE_HIGHEST_FIRST
2021-12-26 16:50:18.284 | INFO     | botrequests.bot_func:get_key_from_save:311 - message: Запрос ключа из базы: locale = locale
2021-12-26 16:50:18.291 | INFO     | botrequests.bot_func:get_value_from_save:297 - message 2070418965: Запрос значения из базы: locale = ru_RU
2021-12-26 16:50:18.297 | INFO     | botrequests.bot_func:get_key_from_save:311 - message: Запрос ключа из базы: currency = currency
2021-12-26 16:50:18.305 | INFO     | botrequests.bot_func:get_value_from_save:297 - message 2070418965: Запрос значения из базы: currency = RUB
2021-12-26 16:50:24.061 | INFO     | botrequests.bot_func:object_search:164 - message 2070418965: Запрос от search_hotels отработан
2021-12-26 16:50:24.061 | INFO     | botrequests.bot_func:search_hotels:144 - message 2070418965: Обнаружено 5 вариантов отелей
2021-12-26 16:50:35.200 | INFO     | __main__:callback_inline:95 - call chat_id 327894149: 400749.hotel_id
2021-12-26 16:50:35.232 | INFO     | botrequests.bot_func:update_save:284 - message 2070418965: Обновление в базе: hotel_id = 400749
2021-12-26 16:50:37.076 | INFO     | __main__:callback_inline:95 - call chat_id 327894149: Yes.photo
2021-12-26 16:50:42.300 | INFO     | botrequests.bot_func:number_photos:216 - message 327894149: Количество фотографий корректное
2021-12-26 16:50:42.354 | INFO     | botrequests.bot_func:update_save:284 - message 327894149: Обновление в базе: hotel_pics = 3
2021-12-26 16:50:42.506 | INFO     | botrequests.bot_func:get_key_from_save:311 - message: Запрос ключа из базы: hotel_id = id
2021-12-26 16:50:42.513 | INFO     | botrequests.bot_func:get_value_from_save:297 - message 327894149: Запрос значения из базы: hotel_id = 400749
2021-12-26 16:50:42.520 | INFO     | botrequests.bot_func:get_key_from_save:311 - message: Запрос ключа из базы: check_in = checkIn
2021-12-26 16:50:42.527 | INFO     | botrequests.bot_func:get_value_from_save:297 - message 327894149: Запрос значения из базы: check_in = 2021-12-31
2021-12-26 16:50:42.533 | INFO     | botrequests.bot_func:get_key_from_save:311 - message: Запрос ключа из базы: check_out = checkOut
2021-12-26 16:50:42.538 | INFO     | botrequests.bot_func:get_value_from_save:297 - message 327894149: Запрос значения из базы: check_out = 2022-01-09
2021-12-26 16:50:42.545 | INFO     | botrequests.bot_func:get_key_from_save:311 - message: Запрос ключа из базы: number_persons = adults1
2021-12-26 16:50:42.552 | INFO     | botrequests.bot_func:get_value_from_save:297 - message 327894149: Запрос значения из базы: number_persons = 3
2021-12-26 16:50:42.559 | INFO     | botrequests.bot_func:get_key_from_save:311 - message: Запрос ключа из базы: locale = locale
2021-12-26 16:50:42.566 | INFO     | botrequests.bot_func:get_value_from_save:297 - message 327894149: Запрос значения из базы: locale = ru_RU
2021-12-26 16:50:42.573 | INFO     | botrequests.bot_func:get_key_from_save:311 - message: Запрос ключа из базы: currency = currency
2021-12-26 16:50:42.578 | INFO     | botrequests.bot_func:get_value_from_save:297 - message 327894149: Запрос значения из базы: currency = RUB
2021-12-26 16:50:46.601 | INFO     | botrequests.bot_func:object_search:164 - message 327894149: Запрос от search_hotel_info отработан
2021-12-26 16:50:46.602 | INFO     | botrequests.bot_func:search_hotel_info:183 - message 327894149: Информация об отеле отправлена пользователю
2021-12-26 16:50:46.764 | INFO     | botrequests.bot_func:get_value_from_save:297 - message 327894149: Запрос значения из базы: hotel_pics = 3
2021-12-26 16:50:46.770 | INFO     | botrequests.bot_func:get_key_from_save:311 - message: Запрос ключа из базы: hotel_id = id
2021-12-26 16:50:46.775 | INFO     | botrequests.bot_func:get_value_from_save:297 - message 327894149: Запрос значения из базы: hotel_id = 400749
2021-12-26 16:50:48.241 | INFO     | botrequests.bot_func:object_search:164 - message 327894149: Запрос от search_hotel_photos отработан
2021-12-26 16:50:48.247 | INFO     | botrequests.bot_func:get_value_from_save:297 - message 327894149: Запрос значения из базы: hotel_pics = 3
2021-12-26 16:50:48.685 | INFO     | botrequests.bot_func:search_hotel_photos:238 - message 327894149: 3 фотографий отправлено пользователю
2021-12-26 17:52:18.742 | INFO     | __main__:<module>:126 - Bot is starting
2021-12-26 17:52:18.750 | INFO     | botrequests.bot_func:create_database:245 - message: таблицы Session и HistoryQuery созданы или существуют
2021-12-26 17:52:53.229 | INFO     | __main__:request_handler:46 - message 5063697112/lowprice
2021-12-26 17:52:53.241 | INFO     | botrequests.bot_func:add_new_save:270 - message 5063697112: Начальная запись текущего запроса создана
2021-12-26 17:53:08.083 | INFO     | botrequests.bot_func:update_save:284 - message 5063697112: Обновление в базе: query = Санкт-петербург
2021-12-26 17:53:08.310 | INFO     | botrequests.bot_func:update_save:284 - message 5063697112: Обновление в базе: locale = ru_RU
2021-12-26 17:53:08.479 | INFO     | botrequests.bot_func:update_save:284 - message 5063697112: Обновление в базе: currency = RUB
2021-12-26 17:53:08.699 | INFO     | botrequests.bot_func:get_key_from_save:311 - message: Запрос ключа из базы: query = query
2021-12-26 17:53:08.705 | INFO     | botrequests.bot_func:get_value_from_save:297 - message 5063697112: Запрос значения из базы: query = Санкт-петербург
2021-12-26 17:53:08.711 | INFO     | botrequests.bot_func:get_key_from_save:311 - message: Запрос ключа из базы: locale = locale
2021-12-26 17:53:08.718 | INFO     | botrequests.bot_func:get_value_from_save:297 - message 5063697112: Запрос значения из базы: locale = ru_RU
2021-12-26 17:53:08.722 | INFO     | botrequests.bot_func:get_key_from_save:311 - message: Запрос ключа из базы: currency = currency
2021-12-26 17:53:08.729 | INFO     | botrequests.bot_func:get_value_from_save:297 - message 5063697112: Запрос значения из базы: currency = RUB
2021-12-26 17:53:10.013 | INFO     | botrequests.bot_func:object_search:164 - message 5063697112: Запрос от search_city отработан
2021-12-26 17:53:10.014 | INFO     | botrequests.bot_func:search_city:40 - message 5063697112: Найдено 1 вариантов названия города на выбор
2021-12-26 17:53:22.333 | INFO     | __main__:callback_inline:95 - call chat_id 5063697112: 1635711.city_id
2021-12-26 17:53:22.367 | INFO     | botrequests.bot_func:update_save:284 - message 2070418965: Обновление в базе: city_id = 1635711
2021-12-26 17:53:29.652 | INFO     | botrequests.bot_func:number_hotels:58 - message 5063697112: Количество отелей введено корректно
2021-12-26 17:53:29.693 | INFO     | botrequests.bot_func:update_save:284 - message 5063697112: Обновление в базе: number_hotels = 10
2021-12-26 17:53:34.872 | INFO     | botrequests.bot_func:number_guests:79 - message 5063697112: Количество гостей введено корректно
2021-12-26 17:53:34.934 | INFO     | botrequests.bot_func:update_save:284 - message 5063697112: Обновление в базе: number_persons = 3
2021-12-26 17:53:35.076 | INFO     | botrequests.bot_func:get_value_from_save:297 - message 5063697112: Запрос значения из базы: locale = ru_RU
2021-12-26 17:53:35.085 | INFO     | botrequests.bot_func:get_value_from_save:297 - message 5063697112: Запрос значения из базы: check_in = 
2021-12-26 17:53:42.568 | INFO     | botrequests.bot_func:get_value_from_save:297 - message 2070418965: Запрос значения из базы: locale = ru_RU
2021-12-26 17:53:42.576 | INFO     | botrequests.bot_func:get_value_from_save:297 - message 2070418965: Запрос значения из базы: check_in = 
2021-12-26 17:53:44.177 | INFO     | botrequests.bot_func:get_value_from_save:297 - message 2070418965: Запрос значения из базы: locale = ru_RU
2021-12-26 17:53:44.185 | INFO     | botrequests.bot_func:get_value_from_save:297 - message 2070418965: Запрос значения из базы: check_in = 
2021-12-26 17:53:45.019 | INFO     | __main__:request_handler:46 - message 327894149/highprice
2021-12-26 17:53:45.067 | INFO     | botrequests.bot_func:add_new_save:270 - message 327894149: Начальная запись текущего запроса создана
2021-12-26 17:53:45.479 | INFO     | botrequests.bot_func:get_value_from_save:297 - message 2070418965: Запрос значения из базы: locale = ru_RU
2021-12-26 17:53:45.486 | INFO     | botrequests.bot_func:get_value_from_save:297 - message 2070418965: Запрос значения из базы: check_in = 
2021-12-26 17:53:46.497 | INFO     | botrequests.bot_func:get_value_from_save:297 - message 2070418965: Запрос значения из базы: locale = ru_RU
2021-12-26 17:53:46.504 | INFO     | botrequests.bot_func:get_value_from_save:297 - message 2070418965: Запрос значения из базы: check_in = 
2021-12-26 17:53:47.416 | INFO     | botrequests.bot_func:get_value_from_save:297 - message 2070418965: Запрос значения из базы: locale = ru_RU
2021-12-26 17:53:47.424 | INFO     | botrequests.bot_func:get_value_from_save:297 - message 2070418965: Запрос значения из базы: check_in = 
2021-12-26 17:53:50.015 | INFO     | botrequests.bot_func:get_value_from_save:297 - message 2070418965: Запрос значения из базы: locale = ru_RU
2021-12-26 17:53:50.106 | INFO     | __main__:calendar:70 - call chat_id 5063697112: cbcal_0_s_d_2022_5_23
2021-12-26 17:53:50.112 | INFO     | botrequests.bot_func:get_value_from_save:297 - message 2070418965: Запрос значения из базы: check_in = 
2021-12-26 17:53:50.145 | INFO     | botrequests.bot_func:update_save:284 - message 2070418965: Обновление в базе: check_in = 2022-05-23
2021-12-26 17:53:50.285 | INFO     | botrequests.bot_func:get_value_from_save:297 - message 2070418965: Запрос значения из базы: check_out = 
2021-12-26 17:53:50.291 | INFO     | botrequests.bot_func:get_value_from_save:297 - message 2070418965: Запрос значения из базы: locale = ru_RU
2021-12-26 17:53:50.299 | INFO     | botrequests.bot_func:get_value_from_save:297 - message 2070418965: Запрос значения из базы: check_in = 2022-05-23
2021-12-26 17:53:53.312 | INFO     | botrequests.bot_func:update_save:284 - message 327894149: Обновление в базе: query = Сочи
2021-12-26 17:53:53.422 | INFO     | botrequests.bot_func:update_save:284 - message 327894149: Обновление в базе: locale = ru_RU
2021-12-26 17:53:53.554 | INFO     | botrequests.bot_func:update_save:284 - message 327894149: Обновление в базе: currency = RUB
2021-12-26 17:53:53.696 | INFO     | botrequests.bot_func:get_key_from_save:311 - message: Запрос ключа из базы: query = query
2021-12-26 17:53:53.702 | INFO     | botrequests.bot_func:get_value_from_save:297 - message 327894149: Запрос значения из базы: query = Сочи
2021-12-26 17:53:53.708 | INFO     | botrequests.bot_func:get_key_from_save:311 - message: Запрос ключа из базы: locale = locale
2021-12-26 17:53:53.714 | INFO     | botrequests.bot_func:get_value_from_save:297 - message 327894149: Запрос значения из базы: locale = ru_RU
2021-12-26 17:53:53.719 | INFO     | botrequests.bot_func:get_key_from_save:311 - message: Запрос ключа из базы: currency = currency
2021-12-26 17:53:53.725 | INFO     | botrequests.bot_func:get_value_from_save:297 - message 327894149: Запрос значения из базы: currency = RUB
2021-12-26 17:53:54.878 | INFO     | botrequests.bot_func:object_search:164 - message 327894149: Запрос от search_city отработан
2021-12-26 17:53:54.879 | INFO     | botrequests.bot_func:search_city:40 - message 327894149: Найдено 2 вариантов названия города на выбор
2021-12-26 17:53:58.117 | INFO     | __main__:callback_inline:95 - call chat_id 327894149: 1662648.city_id
2021-12-26 17:53:58.145 | INFO     | botrequests.bot_func:update_save:284 - message 2070418965: Обновление в базе: city_id = 1662648
2021-12-26 17:54:11.198 | INFO     | botrequests.bot_func:get_value_from_save:297 - message 2070418965: Запрос значения из базы: locale = ru_RU
2021-12-26 17:54:13.572 | INFO     | __main__:calendar:70 - call chat_id 5063697112: cbcal_0_s_d_2021_12_20
2021-12-26 17:54:13.579 | INFO     | botrequests.bot_func:get_value_from_save:297 - message 2070418965: Запрос значения из базы: check_in = 2022-05-23
2021-12-26 17:54:13.587 | INFO     | botrequests.bot_func:update_save:284 - message 2070418965: Обновление в базе: check_out = 2021-12-20
2021-12-26 17:54:13.708 | INFO     | botrequests.bot_func:get_value_from_save:297 - message 2070418965: Запрос значения из базы: check_out = 2021-12-20
2021-12-26 17:54:13.714 | INFO     | botrequests.bot_func:get_value_from_save:297 - message 2070418965: Запрос значения из базы: check_in = 2022-05-23
2021-12-26 17:54:13.719 | INFO     | botrequests.bot_func:get_value_from_save:297 - message 2070418965: Запрос значения из базы: check_out = 2021-12-20
2021-12-26 17:54:13.720 | INFO     | botrequests.bot_func:validation_dates:121 - message 2070418965: Даты 2022-05-23 и 2021-12-20 введены не корректно
2021-12-26 17:54:22.425 | INFO     | botrequests.bot_func:update_save:284 - message 2070418965: Обновление в базе: check_in = 
2021-12-26 17:54:22.543 | INFO     | botrequests.bot_func:update_save:284 - message 2070418965: Обновление в базе: check_out = 
2021-12-26 17:54:22.655 | INFO     | botrequests.bot_func:get_value_from_save:297 - message 2070418965: Запрос значения из базы: locale = ru_RU
2021-12-26 17:54:22.663 | INFO     | botrequests.bot_func:get_value_from_save:297 - message 2070418965: Запрос значения из базы: check_in = 
2021-12-26 17:54:32.511 | INFO     | botrequests.bot_func:number_hotels:58 - message 327894149: Количество отелей введено корректно
2021-12-26 17:54:32.557 | INFO     | botrequests.bot_func:update_save:284 - message 327894149: Обновление в базе: number_hotels = 5
2021-12-26 17:54:40.374 | INFO     | botrequests.bot_func:get_value_from_save:297 - message 2070418965: Запрос значения из базы: locale = ru_RU
2021-12-26 17:54:40.382 | INFO     | botrequests.bot_func:get_value_from_save:297 - message 2070418965: Запрос значения из базы: check_in = 
2021-12-26 17:54:46.560 | INFO     | botrequests.bot_func:number_guests:79 - message 327894149: Количество гостей введено корректно
2021-12-26 17:54:46.571 | INFO     | botrequests.bot_func:update_save:284 - message 327894149: Обновление в базе: number_persons = 2
2021-12-26 17:54:46.730 | INFO     | botrequests.bot_func:get_value_from_save:297 - message 327894149: Запрос значения из базы: locale = ru_RU
2021-12-26 17:54:46.737 | INFO     | botrequests.bot_func:get_value_from_save:297 - message 327894149: Запрос значения из базы: check_in = 
2021-12-26 17:55:12.242 | INFO     | botrequests.bot_func:get_value_from_save:297 - message 2070418965: Запрос значения из базы: locale = ru_RU
2021-12-26 17:55:12.246 | INFO     | botrequests.bot_func:get_value_from_save:297 - message 2070418965: Запрос значения из базы: locale = ru_RU
2021-12-26 17:55:12.254 | INFO     | botrequests.bot_func:get_value_from_save:297 - message 2070418965: Запрос значения из базы: check_in = 
2021-12-26 17:55:12.262 | INFO     | botrequests.bot_func:get_value_from_save:297 - message 2070418965: Запрос значения из базы: check_in = 
2021-12-26 17:55:13.813 | INFO     | botrequests.bot_func:get_value_from_save:297 - message 2070418965: Запрос значения из базы: locale = ru_RU
2021-12-26 17:55:13.822 | INFO     | botrequests.bot_func:get_value_from_save:297 - message 2070418965: Запрос значения из базы: check_in = 
2021-12-26 17:55:15.073 | INFO     | botrequests.bot_func:get_value_from_save:297 - message 2070418965: Запрос значения из базы: locale = ru_RU
2021-12-26 17:55:15.081 | INFO     | botrequests.bot_func:get_value_from_save:297 - message 2070418965: Запрос значения из базы: check_in = 
2021-12-26 17:55:16.287 | INFO     | botrequests.bot_func:get_value_from_save:297 - message 2070418965: Запрос значения из базы: locale = ru_RU
2021-12-26 17:55:16.295 | INFO     | botrequests.bot_func:get_value_from_save:297 - message 2070418965: Запрос значения из базы: check_in = 
2021-12-26 17:55:20.698 | INFO     | botrequests.bot_func:get_value_from_save:297 - message 2070418965: Запрос значения из базы: locale = ru_RU
2021-12-26 17:55:20.798 | INFO     | __main__:calendar:70 - call chat_id 5063697112: cbcal_0_s_d_2022_5_23
2021-12-26 17:55:20.803 | INFO     | botrequests.bot_func:get_value_from_save:297 - message 2070418965: Запрос значения из базы: check_in = 
2021-12-26 17:55:20.813 | INFO     | botrequests.bot_func:update_save:284 - message 2070418965: Обновление в базе: check_in = 2022-05-23
2021-12-26 17:55:20.939 | INFO     | botrequests.bot_func:get_value_from_save:297 - message 2070418965: Запрос значения из базы: check_out = 
2021-12-26 17:55:20.945 | INFO     | botrequests.bot_func:get_value_from_save:297 - message 2070418965: Запрос значения из базы: locale = ru_RU
2021-12-26 17:55:20.952 | INFO     | botrequests.bot_func:get_value_from_save:297 - message 2070418965: Запрос значения из базы: check_in = 2022-05-23
2021-12-26 17:55:26.005 | INFO     | botrequests.bot_func:get_value_from_save:297 - message 2070418965: Запрос значения из базы: locale = ru_RU
2021-12-26 17:55:26.015 | INFO     | botrequests.bot_func:get_value_from_save:297 - message 2070418965: Запрос значения из базы: check_in = 2022-05-23
2021-12-26 17:55:27.386 | INFO     | botrequests.bot_func:get_value_from_save:297 - message 2070418965: Запрос значения из базы: locale = ru_RU
2021-12-26 17:55:27.394 | INFO     | botrequests.bot_func:get_value_from_save:297 - message 2070418965: Запрос значения из базы: check_in = 2022-05-23
2021-12-26 17:55:28.424 | INFO     | botrequests.bot_func:get_value_from_save:297 - message 2070418965: Запрос значения из базы: locale = ru_RU
2021-12-26 17:55:28.432 | INFO     | botrequests.bot_func:get_value_from_save:297 - message 2070418965: Запрос значения из базы: check_in = 2022-05-23
2021-12-26 17:55:29.458 | INFO     | botrequests.bot_func:get_value_from_save:297 - message 2070418965: Запрос значения из базы: locale = ru_RU
2021-12-26 17:55:29.467 | INFO     | botrequests.bot_func:get_value_from_save:297 - message 2070418965: Запрос значения из базы: check_in = 2022-05-23
2021-12-26 17:55:30.700 | INFO     | botrequests.bot_func:get_value_from_save:297 - message 2070418965: Запрос значения из базы: locale = ru_RU
2021-12-26 17:55:30.708 | INFO     | botrequests.bot_func:get_value_from_save:297 - message 2070418965: Запрос значения из базы: check_in = 2022-05-23
2021-12-26 17:55:32.559 | INFO     | botrequests.bot_func:get_value_from_save:297 - message 2070418965: Запрос значения из базы: locale = ru_RU
2021-12-26 17:55:32.714 | INFO     | __main__:calendar:70 - call chat_id 5063697112: cbcal_0_s_d_2022_5_29
2021-12-26 17:55:32.720 | INFO     | botrequests.bot_func:get_value_from_save:297 - message 2070418965: Запрос значения из базы: check_in = 2022-05-23
2021-12-26 17:55:32.729 | INFO     | botrequests.bot_func:update_save:284 - message 2070418965: Обновление в базе: check_out = 2022-05-29
2021-12-26 17:55:32.845 | INFO     | botrequests.bot_func:get_value_from_save:297 - message 2070418965: Запрос значения из базы: check_out = 2022-05-29
2021-12-26 17:55:32.851 | INFO     | botrequests.bot_func:get_value_from_save:297 - message 2070418965: Запрос значения из базы: check_in = 2022-05-23
2021-12-26 17:55:32.857 | INFO     | botrequests.bot_func:get_value_from_save:297 - message 2070418965: Запрос значения из базы: check_out = 2022-05-29
2021-12-26 17:55:32.858 | INFO     | __main__:calendar:80 - message 2070418965: Даты введены корректно
2021-12-26 17:55:32.996 | INFO     | botrequests.bot_func:get_key_from_save:311 - message: Запрос ключа из базы: city_id = destinationId
2021-12-26 17:55:33.003 | INFO     | botrequests.bot_func:get_value_from_save:297 - message 2070418965: Запрос значения из базы: city_id = 1635711
2021-12-26 17:55:33.009 | INFO     | botrequests.bot_func:get_key_from_save:311 - message: Запрос ключа из базы: page_number = pageNumber
2021-12-26 17:55:33.015 | INFO     | botrequests.bot_func:get_value_from_save:297 - message 2070418965: Запрос значения из базы: page_number = 1
2021-12-26 17:55:33.021 | INFO     | botrequests.bot_func:get_key_from_save:311 - message: Запрос ключа из базы: number_hotels = pageSize
2021-12-26 17:55:33.027 | INFO     | botrequests.bot_func:get_value_from_save:297 - message 2070418965: Запрос значения из базы: number_hotels = 10
2021-12-26 17:55:33.033 | INFO     | botrequests.bot_func:get_key_from_save:311 - message: Запрос ключа из базы: check_in = checkIn
2021-12-26 17:55:33.040 | INFO     | botrequests.bot_func:get_value_from_save:297 - message 2070418965: Запрос значения из базы: check_in = 2022-05-23
2021-12-26 17:55:33.047 | INFO     | botrequests.bot_func:get_key_from_save:311 - message: Запрос ключа из базы: check_out = checkOut
2021-12-26 17:55:33.054 | INFO     | botrequests.bot_func:get_value_from_save:297 - message 2070418965: Запрос значения из базы: check_out = 2022-05-29
2021-12-26 17:55:33.062 | INFO     | botrequests.bot_func:get_key_from_save:311 - message: Запрос ключа из базы: number_persons = adults1
2021-12-26 17:55:33.068 | INFO     | botrequests.bot_func:get_value_from_save:297 - message 2070418965: Запрос значения из базы: number_persons = 3
2021-12-26 17:55:33.076 | INFO     | botrequests.bot_func:get_key_from_save:311 - message: Запрос ключа из базы: sort_order = sortOrder
2021-12-26 17:55:33.084 | INFO     | botrequests.bot_func:get_value_from_save:297 - message 2070418965: Запрос значения из базы: sort_order = PRICE
2021-12-26 17:55:33.092 | INFO     | botrequests.bot_func:get_key_from_save:311 - message: Запрос ключа из базы: locale = locale
2021-12-26 17:55:33.100 | INFO     | botrequests.bot_func:get_value_from_save:297 - message 2070418965: Запрос значения из базы: locale = ru_RU
2021-12-26 17:55:33.109 | INFO     | botrequests.bot_func:get_key_from_save:311 - message: Запрос ключа из базы: currency = currency
2021-12-26 17:55:33.117 | INFO     | botrequests.bot_func:get_value_from_save:297 - message 2070418965: Запрос значения из базы: currency = RUB
2021-12-26 17:55:37.325 | INFO     | botrequests.bot_func:object_search:164 - message 2070418965: Запрос от search_hotels отработан
2021-12-26 17:55:37.326 | INFO     | botrequests.bot_func:search_hotels:144 - message 2070418965: Обнаружено 10 вариантов отелей
2021-12-26 17:55:46.495 | INFO     | __main__:callback_inline:95 - call chat_id 5063697112: 650310496.hotel_id
2021-12-26 17:55:46.536 | INFO     | botrequests.bot_func:update_save:284 - message 2070418965: Обновление в базе: hotel_id = 650310496
2021-12-26 17:55:49.995 | INFO     | __main__:callback_inline:95 - call chat_id 5063697112: Yes.photo
2021-12-26 17:55:56.916 | INFO     | botrequests.bot_func:number_photos:216 - message 5063697112: Количество фотографий корректное
2021-12-26 17:55:56.947 | INFO     | botrequests.bot_func:update_save:284 - message 5063697112: Обновление в базе: hotel_pics = 15
2021-12-26 17:55:57.098 | INFO     | botrequests.bot_func:get_key_from_save:311 - message: Запрос ключа из базы: hotel_id = id
2021-12-26 17:55:57.104 | INFO     | botrequests.bot_func:get_value_from_save:297 - message 5063697112: Запрос значения из базы: hotel_id = 650310496
2021-12-26 17:55:57.110 | INFO     | botrequests.bot_func:get_key_from_save:311 - message: Запрос ключа из базы: check_in = checkIn
2021-12-26 17:55:57.115 | INFO     | botrequests.bot_func:get_value_from_save:297 - message 5063697112: Запрос значения из базы: check_in = 2022-05-23
2021-12-26 17:55:57.121 | INFO     | botrequests.bot_func:get_key_from_save:311 - message: Запрос ключа из базы: check_out = checkOut
2021-12-26 17:55:57.129 | INFO     | botrequests.bot_func:get_value_from_save:297 - message 5063697112: Запрос значения из базы: check_out = 2022-05-29
2021-12-26 17:55:57.136 | INFO     | botrequests.bot_func:get_key_from_save:311 - message: Запрос ключа из базы: number_persons = adults1
2021-12-26 17:55:57.142 | INFO     | botrequests.bot_func:get_value_from_save:297 - message 5063697112: Запрос значения из базы: number_persons = 3
2021-12-26 17:55:57.149 | INFO     | botrequests.bot_func:get_key_from_save:311 - message: Запрос ключа из базы: locale = locale
2021-12-26 17:55:57.154 | INFO     | botrequests.bot_func:get_value_from_save:297 - message 5063697112: Запрос значения из базы: locale = ru_RU
2021-12-26 17:55:57.160 | INFO     | botrequests.bot_func:get_key_from_save:311 - message: Запрос ключа из базы: currency = currency
2021-12-26 17:55:57.168 | INFO     | botrequests.bot_func:get_value_from_save:297 - message 5063697112: Запрос значения из базы: currency = RUB
2021-12-26 17:56:00.858 | INFO     | botrequests.bot_func:object_search:164 - message 5063697112: Запрос от search_hotel_info отработан
2021-12-26 17:56:00.859 | INFO     | botrequests.bot_func:search_hotel_info:183 - message 5063697112: Информация об отеле отправлена пользователю
2021-12-26 17:56:01.030 | INFO     | botrequests.bot_func:get_value_from_save:297 - message 5063697112: Запрос значения из базы: hotel_pics = 15
2021-12-26 17:56:01.035 | INFO     | botrequests.bot_func:get_key_from_save:311 - message: Запрос ключа из базы: hotel_id = id
2021-12-26 17:56:01.041 | INFO     | botrequests.bot_func:get_value_from_save:297 - message 5063697112: Запрос значения из базы: hotel_id = 650310496
2021-12-26 17:56:02.459 | INFO     | botrequests.bot_func:object_search:164 - message 5063697112: Запрос от search_hotel_photos отработан
2021-12-26 17:56:02.465 | INFO     | botrequests.bot_func:get_value_from_save:297 - message 5063697112: Запрос значения из базы: hotel_pics = 15
2021-12-26 17:56:39.102 | INFO     | __main__:text_handler:117 - message chat_id 327894149: Ке
2021-12-26 17:56:44.603 | INFO     | __main__:request_handler:46 - message 327894149/highprice
2021-12-26 17:56:44.648 | INFO     | botrequests.bot_func:add_new_save:270 - message 327894149: Начальная запись текущего запроса создана
2021-12-26 17:56:49.337 | INFO     | botrequests.bot_func:update_save:284 - message 327894149: Обновление в базе: query = Сочи
2021-12-26 17:56:49.468 | INFO     | botrequests.bot_func:update_save:284 - message 327894149: Обновление в базе: locale = ru_RU
2021-12-26 17:56:49.617 | INFO     | botrequests.bot_func:update_save:284 - message 327894149: Обновление в базе: currency = RUB
2021-12-26 17:56:49.766 | INFO     | botrequests.bot_func:get_key_from_save:311 - message: Запрос ключа из базы: query = query
2021-12-26 17:56:49.775 | INFO     | botrequests.bot_func:get_value_from_save:297 - message 327894149: Запрос значения из базы: query = Сочи
2021-12-26 17:56:49.785 | INFO     | botrequests.bot_func:get_key_from_save:311 - message: Запрос ключа из базы: locale = locale
2021-12-26 17:56:49.791 | INFO     | botrequests.bot_func:get_value_from_save:297 - message 327894149: Запрос значения из базы: locale = ru_RU
2021-12-26 17:56:49.796 | INFO     | botrequests.bot_func:get_key_from_save:311 - message: Запрос ключа из базы: currency = currency
2021-12-26 17:56:49.802 | INFO     | botrequests.bot_func:get_value_from_save:297 - message 327894149: Запрос значения из базы: currency = RUB
2021-12-26 17:56:50.887 | INFO     | botrequests.bot_func:object_search:164 - message 327894149: Запрос от search_city отработан
2021-12-26 17:56:50.888 | INFO     | botrequests.bot_func:search_city:40 - message 327894149: Найдено 2 вариантов названия города на выбор
2021-12-26 17:56:52.707 | INFO     | __main__:callback_inline:95 - call chat_id 327894149: 1662648.city_id
2021-12-26 17:56:52.762 | INFO     | botrequests.bot_func:update_save:284 - message 2070418965: Обновление в базе: city_id = 1662648
2021-12-26 17:56:57.366 | INFO     | botrequests.bot_func:search_hotel_photos:238 - message 5063697112: 15 фотографий отправлено пользователю
2021-12-26 17:56:57.847 | INFO     | botrequests.bot_func:number_hotels:58 - message 327894149: Количество отелей введено корректно
2021-12-26 17:56:57.892 | INFO     | botrequests.bot_func:update_save:284 - message 327894149: Обновление в базе: number_hotels = 7
2021-12-26 17:57:01.433 | INFO     | botrequests.bot_func:number_guests:79 - message 327894149: Количество гостей введено корректно
2021-12-26 17:57:01.470 | INFO     | botrequests.bot_func:update_save:284 - message 327894149: Обновление в базе: number_persons = 2
2021-12-26 17:57:01.588 | INFO     | botrequests.bot_func:get_value_from_save:297 - message 327894149: Запрос значения из базы: locale = ru_RU
2021-12-26 17:57:01.595 | INFO     | botrequests.bot_func:get_value_from_save:297 - message 327894149: Запрос значения из базы: check_in = 
2021-12-26 17:57:04.664 | INFO     | botrequests.bot_func:get_value_from_save:297 - message 2070418965: Запрос значения из базы: locale = ru_RU
2021-12-26 17:57:04.791 | INFO     | __main__:calendar:70 - call chat_id 327894149: cbcal_0_s_d_2021_12_31
2021-12-26 17:57:04.798 | INFO     | botrequests.bot_func:get_value_from_save:297 - message 2070418965: Запрос значения из базы: check_in = 
2021-12-26 17:57:04.815 | INFO     | botrequests.bot_func:update_save:284 - message 2070418965: Обновление в базе: check_in = 2021-12-31
2021-12-26 17:57:04.938 | INFO     | botrequests.bot_func:get_value_from_save:297 - message 2070418965: Запрос значения из базы: check_out = 
2021-12-26 17:57:04.944 | INFO     | botrequests.bot_func:get_value_from_save:297 - message 2070418965: Запрос значения из базы: locale = ru_RU
2021-12-26 17:57:04.952 | INFO     | botrequests.bot_func:get_value_from_save:297 - message 2070418965: Запрос значения из базы: check_in = 2021-12-31
2021-12-26 17:57:06.465 | INFO     | botrequests.bot_func:get_value_from_save:297 - message 2070418965: Запрос значения из базы: locale = ru_RU
2021-12-26 17:57:06.471 | INFO     | botrequests.bot_func:get_value_from_save:297 - message 2070418965: Запрос значения из базы: check_in = 2021-12-31
2021-12-26 17:57:08.158 | INFO     | botrequests.bot_func:get_value_from_save:297 - message 2070418965: Запрос значения из базы: locale = ru_RU
2021-12-26 17:57:08.244 | INFO     | __main__:calendar:70 - call chat_id 327894149: cbcal_0_s_d_2022_1_13
2021-12-26 17:57:08.250 | INFO     | botrequests.bot_func:get_value_from_save:297 - message 2070418965: Запрос значения из базы: check_in = 2021-12-31
2021-12-26 17:57:08.282 | INFO     | botrequests.bot_func:update_save:284 - message 2070418965: Обновление в базе: check_out = 2022-01-13
2021-12-26 17:57:08.425 | INFO     | botrequests.bot_func:get_value_from_save:297 - message 2070418965: Запрос значения из базы: check_out = 2022-01-13
2021-12-26 17:57:08.431 | INFO     | botrequests.bot_func:get_value_from_save:297 - message 2070418965: Запрос значения из базы: check_in = 2021-12-31
2021-12-26 17:57:08.437 | INFO     | botrequests.bot_func:get_value_from_save:297 - message 2070418965: Запрос значения из базы: check_out = 2022-01-13
2021-12-26 17:57:08.439 | INFO     | __main__:calendar:80 - message 2070418965: Даты введены корректно
2021-12-26 17:57:08.553 | INFO     | botrequests.bot_func:get_key_from_save:311 - message: Запрос ключа из базы: city_id = destinationId
2021-12-26 17:57:08.559 | INFO     | botrequests.bot_func:get_value_from_save:297 - message 2070418965: Запрос значения из базы: city_id = 1662648
2021-12-26 17:57:08.564 | INFO     | botrequests.bot_func:get_key_from_save:311 - message: Запрос ключа из базы: page_number = pageNumber
2021-12-26 17:57:08.570 | INFO     | botrequests.bot_func:get_value_from_save:297 - message 2070418965: Запрос значения из базы: page_number = 1
2021-12-26 17:57:08.577 | INFO     | botrequests.bot_func:get_key_from_save:311 - message: Запрос ключа из базы: number_hotels = pageSize
2021-12-26 17:57:08.583 | INFO     | botrequests.bot_func:get_value_from_save:297 - message 2070418965: Запрос значения из базы: number_hotels = 7
2021-12-26 17:57:08.589 | INFO     | botrequests.bot_func:get_key_from_save:311 - message: Запрос ключа из базы: check_in = checkIn
2021-12-26 17:57:08.595 | INFO     | botrequests.bot_func:get_value_from_save:297 - message 2070418965: Запрос значения из базы: check_in = 2021-12-31
2021-12-26 17:57:08.601 | INFO     | botrequests.bot_func:get_key_from_save:311 - message: Запрос ключа из базы: check_out = checkOut
2021-12-26 17:57:08.607 | INFO     | botrequests.bot_func:get_value_from_save:297 - message 2070418965: Запрос значения из базы: check_out = 2022-01-13
2021-12-26 17:57:08.613 | INFO     | botrequests.bot_func:get_key_from_save:311 - message: Запрос ключа из базы: number_persons = adults1
2021-12-26 17:57:08.620 | INFO     | botrequests.bot_func:get_value_from_save:297 - message 2070418965: Запрос значения из базы: number_persons = 2
2021-12-26 17:57:08.626 | INFO     | botrequests.bot_func:get_key_from_save:311 - message: Запрос ключа из базы: sort_order = sortOrder
2021-12-26 17:57:08.633 | INFO     | botrequests.bot_func:get_value_from_save:297 - message 2070418965: Запрос значения из базы: sort_order = PRICE_HIGHEST_FIRST
2021-12-26 17:57:08.640 | INFO     | botrequests.bot_func:get_key_from_save:311 - message: Запрос ключа из базы: locale = locale
2021-12-26 17:57:08.648 | INFO     | botrequests.bot_func:get_value_from_save:297 - message 2070418965: Запрос значения из базы: locale = ru_RU
2021-12-26 17:57:08.656 | INFO     | botrequests.bot_func:get_key_from_save:311 - message: Запрос ключа из базы: currency = currency
2021-12-26 17:57:08.665 | INFO     | botrequests.bot_func:get_value_from_save:297 - message 2070418965: Запрос значения из базы: currency = RUB
2021-12-26 17:57:13.687 | INFO     | botrequests.bot_func:object_search:164 - message 2070418965: Запрос от search_hotels отработан
2021-12-26 17:57:13.688 | INFO     | botrequests.bot_func:search_hotels:144 - message 2070418965: Обнаружено 7 вариантов отелей
2021-12-26 17:57:20.090 | INFO     | __main__:callback_inline:95 - call chat_id 5063697112: 1015556288.hotel_id
2021-12-26 17:57:20.115 | INFO     | botrequests.bot_func:update_save:284 - message 2070418965: Обновление в базе: hotel_id = 1015556288
2021-12-26 17:57:27.449 | INFO     | __main__:callback_inline:95 - call chat_id 5063697112: Yes.photo
2021-12-26 17:57:30.851 | INFO     | __main__:callback_inline:95 - call chat_id 327894149: 1166634080.hotel_id
2021-12-26 17:57:30.915 | INFO     | botrequests.bot_func:update_save:284 - message 2070418965: Обновление в базе: hotel_id = 1166634080
2021-12-26 17:57:32.401 | INFO     | botrequests.bot_func:number_photos:216 - message 5063697112: Количество фотографий корректное
2021-12-26 17:57:32.439 | INFO     | botrequests.bot_func:update_save:284 - message 5063697112: Обновление в базе: hotel_pics = 10
2021-12-26 17:57:32.554 | INFO     | botrequests.bot_func:get_key_from_save:311 - message: Запрос ключа из базы: hotel_id = id
2021-12-26 17:57:32.559 | INFO     | botrequests.bot_func:get_value_from_save:297 - message 5063697112: Запрос значения из базы: hotel_id = 1015556288
2021-12-26 17:57:32.565 | INFO     | botrequests.bot_func:get_key_from_save:311 - message: Запрос ключа из базы: check_in = checkIn
2021-12-26 17:57:32.572 | INFO     | botrequests.bot_func:get_value_from_save:297 - message 5063697112: Запрос значения из базы: check_in = 2022-05-23
2021-12-26 17:57:32.578 | INFO     | botrequests.bot_func:get_key_from_save:311 - message: Запрос ключа из базы: check_out = checkOut
2021-12-26 17:57:32.585 | INFO     | botrequests.bot_func:get_value_from_save:297 - message 5063697112: Запрос значения из базы: check_out = 2022-05-29
2021-12-26 17:57:32.590 | INFO     | botrequests.bot_func:get_key_from_save:311 - message: Запрос ключа из базы: number_persons = adults1
2021-12-26 17:57:32.596 | INFO     | botrequests.bot_func:get_value_from_save:297 - message 5063697112: Запрос значения из базы: number_persons = 3
2021-12-26 17:57:32.602 | INFO     | botrequests.bot_func:get_key_from_save:311 - message: Запрос ключа из базы: locale = locale
2021-12-26 17:57:32.608 | INFO     | botrequests.bot_func:get_value_from_save:297 - message 5063697112: Запрос значения из базы: locale = ru_RU
2021-12-26 17:57:32.615 | INFO     | botrequests.bot_func:get_key_from_save:311 - message: Запрос ключа из базы: currency = currency
2021-12-26 17:57:32.622 | INFO     | botrequests.bot_func:get_value_from_save:297 - message 5063697112: Запрос значения из базы: currency = RUB
2021-12-26 17:57:35.296 | INFO     | __main__:callback_inline:95 - call chat_id 327894149: Yes.photo
2021-12-26 17:57:36.499 | INFO     | botrequests.bot_func:object_search:164 - message 5063697112: Запрос от search_hotel_info отработан
2021-12-26 17:57:36.500 | INFO     | botrequests.bot_func:search_hotel_info:183 - message 5063697112: Информация об отеле отправлена пользователю
2021-12-26 17:57:36.641 | INFO     | botrequests.bot_func:get_value_from_save:297 - message 5063697112: Запрос значения из базы: hotel_pics = 10
2021-12-26 17:57:36.647 | INFO     | botrequests.bot_func:get_key_from_save:311 - message: Запрос ключа из базы: hotel_id = id
2021-12-26 17:57:36.653 | INFO     | botrequests.bot_func:get_value_from_save:297 - message 5063697112: Запрос значения из базы: hotel_id = 1015556288
2021-12-26 17:57:38.385 | INFO     | botrequests.bot_func:object_search:164 - message 5063697112: Запрос от search_hotel_photos отработан
2021-12-26 17:57:38.390 | INFO     | botrequests.bot_func:get_value_from_save:297 - message 5063697112: Запрос значения из базы: hotel_pics = 10
2021-12-26 17:57:38.400 | INFO     | botrequests.bot_func:number_photos:216 - message 327894149: Количество фотографий корректное
2021-12-26 17:57:38.422 | INFO     | botrequests.bot_func:update_save:284 - message 327894149: Обновление в базе: hotel_pics = 5
2021-12-26 17:57:38.557 | INFO     | botrequests.bot_func:get_key_from_save:311 - message: Запрос ключа из базы: hotel_id = id
2021-12-26 17:57:38.563 | INFO     | botrequests.bot_func:get_value_from_save:297 - message 327894149: Запрос значения из базы: hotel_id = 1166634080
2021-12-26 17:57:38.569 | INFO     | botrequests.bot_func:get_key_from_save:311 - message: Запрос ключа из базы: check_in = checkIn
2021-12-26 17:57:38.574 | INFO     | botrequests.bot_func:get_value_from_save:297 - message 327894149: Запрос значения из базы: check_in = 2021-12-31
2021-12-26 17:57:38.579 | INFO     | botrequests.bot_func:get_key_from_save:311 - message: Запрос ключа из базы: check_out = checkOut
2021-12-26 17:57:38.585 | INFO     | botrequests.bot_func:get_value_from_save:297 - message 327894149: Запрос значения из базы: check_out = 2022-01-13
2021-12-26 17:57:38.591 | INFO     | botrequests.bot_func:get_key_from_save:311 - message: Запрос ключа из базы: number_persons = adults1
2021-12-26 17:57:38.600 | INFO     | botrequests.bot_func:get_value_from_save:297 - message 327894149: Запрос значения из базы: number_persons = 2
2021-12-26 17:57:38.607 | INFO     | botrequests.bot_func:get_key_from_save:311 - message: Запрос ключа из базы: locale = locale
2021-12-26 17:57:38.615 | INFO     | botrequests.bot_func:get_value_from_save:297 - message 327894149: Запрос значения из базы: locale = ru_RU
2021-12-26 17:57:38.621 | INFO     | botrequests.bot_func:get_key_from_save:311 - message: Запрос ключа из базы: currency = currency
2021-12-26 17:57:38.630 | INFO     | botrequests.bot_func:get_value_from_save:297 - message 327894149: Запрос значения из базы: currency = RUB
2021-12-26 17:57:42.216 | INFO     | botrequests.bot_func:object_search:164 - message 327894149: Запрос от search_hotel_info отработан
2021-12-26 17:57:42.217 | INFO     | botrequests.bot_func:search_hotel_info:183 - message 327894149: Информация об отеле отправлена пользователю
2021-12-26 17:57:42.411 | INFO     | botrequests.bot_func:get_value_from_save:297 - message 327894149: Запрос значения из базы: hotel_pics = 5
2021-12-26 17:57:42.417 | INFO     | botrequests.bot_func:get_key_from_save:311 - message: Запрос ключа из базы: hotel_id = id
2021-12-26 17:57:42.425 | INFO     | botrequests.bot_func:get_value_from_save:297 - message 327894149: Запрос значения из базы: hotel_id = 1166634080
2021-12-26 17:57:43.758 | INFO     | botrequests.bot_func:object_search:164 - message 327894149: Запрос от search_hotel_photos отработан
2021-12-26 17:57:43.764 | INFO     | botrequests.bot_func:get_value_from_save:297 - message 327894149: Запрос значения из базы: hotel_pics = 5
2021-12-26 17:57:44.427 | INFO     | botrequests.bot_func:search_hotel_photos:238 - message 327894149: 5 фотографий отправлено пользователю
2021-12-26 17:57:48.375 | INFO     | botrequests.bot_func:search_hotel_photos:238 - message 5063697112: 10 фотографий отправлено пользователю
2021-12-26 17:58:20.009 | INFO     | __main__:callback_inline:95 - call chat_id 5063697112: 599670.hotel_id
2021-12-26 17:58:20.043 | INFO     | botrequests.bot_func:update_save:284 - message 2070418965: Обновление в базе: hotel_id = 599670
2021-12-26 17:58:27.302 | INFO     | __main__:callback_inline:95 - call chat_id 5063697112: Yes.photo
2021-12-26 17:58:31.704 | INFO     | botrequests.bot_func:number_photos:216 - message 5063697112: Количество фотографий корректное
2021-12-26 17:58:31.724 | INFO     | botrequests.bot_func:update_save:284 - message 5063697112: Обновление в базе: hotel_pics = 10
2021-12-26 17:58:31.730 | INFO     | botrequests.bot_func:get_key_from_save:311 - message: Запрос ключа из базы: hotel_id = id
2021-12-26 17:58:31.737 | INFO     | botrequests.bot_func:get_value_from_save:297 - message 5063697112: Запрос значения из базы: hotel_id = 599670
2021-12-26 17:58:31.743 | INFO     | botrequests.bot_func:get_key_from_save:311 - message: Запрос ключа из базы: check_in = checkIn
2021-12-26 17:58:31.749 | INFO     | botrequests.bot_func:get_value_from_save:297 - message 5063697112: Запрос значения из базы: check_in = 2022-05-23
2021-12-26 17:58:31.755 | INFO     | botrequests.bot_func:get_key_from_save:311 - message: Запрос ключа из базы: check_out = checkOut
2021-12-26 17:58:31.762 | INFO     | botrequests.bot_func:get_value_from_save:297 - message 5063697112: Запрос значения из базы: check_out = 2022-05-29
2021-12-26 17:58:31.767 | INFO     | botrequests.bot_func:get_key_from_save:311 - message: Запрос ключа из базы: number_persons = adults1
2021-12-26 17:58:31.774 | INFO     | botrequests.bot_func:get_value_from_save:297 - message 5063697112: Запрос значения из базы: number_persons = 3
2021-12-26 17:58:31.779 | INFO     | botrequests.bot_func:get_key_from_save:311 - message: Запрос ключа из базы: locale = locale
2021-12-26 17:58:31.786 | INFO     | botrequests.bot_func:get_value_from_save:297 - message 5063697112: Запрос значения из базы: locale = ru_RU
2021-12-26 17:58:31.791 | INFO     | botrequests.bot_func:get_key_from_save:311 - message: Запрос ключа из базы: currency = currency
2021-12-26 17:58:31.797 | INFO     | botrequests.bot_func:get_value_from_save:297 - message 5063697112: Запрос значения из базы: currency = RUB
2021-12-26 17:58:35.106 | INFO     | botrequests.bot_func:object_search:164 - message 5063697112: Запрос от search_hotel_info отработан
2021-12-26 17:58:35.107 | INFO     | botrequests.bot_func:search_hotel_info:183 - message 5063697112: Информация об отеле отправлена пользователю
2021-12-26 17:58:35.271 | INFO     | botrequests.bot_func:get_value_from_save:297 - message 5063697112: Запрос значения из базы: hotel_pics = 10
2021-12-26 17:58:35.298 | INFO     | botrequests.bot_func:get_key_from_save:311 - message: Запрос ключа из базы: hotel_id = id
2021-12-26 17:58:35.304 | INFO     | botrequests.bot_func:get_value_from_save:297 - message 5063697112: Запрос значения из базы: hotel_id = 599670
2021-12-26 17:58:36.618 | INFO     | botrequests.bot_func:object_search:164 - message 5063697112: Запрос от search_hotel_photos отработан
2021-12-26 17:58:36.624 | INFO     | botrequests.bot_func:get_value_from_save:297 - message 5063697112: Запрос значения из базы: hotel_pics = 10
2021-12-26 17:58:46.512 | INFO     | botrequests.bot_func:search_hotel_photos:238 - message 5063697112: 10 фотографий отправлено пользователю
2021-12-26 18:01:54.452 | INFO     | __main__:<module>:126 - Bot is starting
2021-12-26 18:01:54.458 | INFO     | botrequests.bot_func:create_database:245 - message: таблицы Session и HistoryQuery созданы или существуют
2021-12-26 18:02:13.254 | INFO     | __main__:request_handler:46 - message 327894149/lowprice
2021-12-26 18:02:13.285 | INFO     | botrequests.bot_func:add_new_save:270 - message 327894149: Начальная запись текущего запроса создана
2021-12-26 18:02:25.308 | INFO     | botrequests.bot_func:update_save:284 - message 327894149: Обновление в базе: query = Rio
2021-12-26 18:02:25.453 | INFO     | botrequests.bot_func:update_save:284 - message 327894149: Обновление в базе: locale = en_US
2021-12-26 18:02:25.595 | INFO     | botrequests.bot_func:update_save:284 - message 327894149: Обновление в базе: currency = USD
2021-12-26 18:02:25.736 | INFO     | botrequests.bot_func:get_key_from_save:311 - message: Запрос ключа из базы: query = query
2021-12-26 18:02:25.741 | INFO     | botrequests.bot_func:get_value_from_save:297 - message 327894149: Запрос значения из базы: query = Rio
2021-12-26 18:02:25.747 | INFO     | botrequests.bot_func:get_key_from_save:311 - message: Запрос ключа из базы: locale = locale
2021-12-26 18:02:25.753 | INFO     | botrequests.bot_func:get_value_from_save:297 - message 327894149: Запрос значения из базы: locale = en_US
2021-12-26 18:02:25.759 | INFO     | botrequests.bot_func:get_key_from_save:311 - message: Запрос ключа из базы: currency = currency
2021-12-26 18:02:25.765 | INFO     | botrequests.bot_func:get_value_from_save:297 - message 327894149: Запрос значения из базы: currency = USD
2021-12-26 18:02:26.958 | INFO     | botrequests.bot_func:object_search:164 - message 327894149: Запрос от search_city отработан
2021-12-26 18:02:26.959 | INFO     | botrequests.bot_func:search_city:40 - message 327894149: Найдено 7 вариантов названия города на выбор
2021-12-26 18:02:33.030 | INFO     | __main__:callback_inline:95 - call chat_id 327894149: 146100.city_id
2021-12-26 18:02:33.063 | INFO     | botrequests.bot_func:update_save:284 - message 2070418965: Обновление в базе: city_id = 146100
2021-12-26 18:02:42.913 | INFO     | botrequests.bot_func:number_hotels:58 - message 327894149: Количество отелей введено корректно
2021-12-26 18:02:42.956 | INFO     | botrequests.bot_func:update_save:284 - message 327894149: Обновление в базе: number_hotels = 5
2021-12-26 18:02:46.931 | INFO     | botrequests.bot_func:number_guests:79 - message 327894149: Количество гостей введено корректно
2021-12-26 18:02:47.010 | INFO     | botrequests.bot_func:update_save:284 - message 327894149: Обновление в базе: number_persons = 1
2021-12-26 18:02:47.150 | INFO     | botrequests.bot_func:get_value_from_save:297 - message 327894149: Запрос значения из базы: locale = en_US
2021-12-26 18:02:47.158 | INFO     | botrequests.bot_func:get_value_from_save:297 - message 327894149: Запрос значения из базы: check_in = 
2021-12-26 18:02:50.312 | INFO     | botrequests.bot_func:get_value_from_save:297 - message 2070418965: Запрос значения из базы: locale = en_US
2021-12-26 18:02:50.484 | INFO     | __main__:calendar:70 - call chat_id 327894149: cbcal_0_s_d_2021_12_31
2021-12-26 18:02:50.490 | INFO     | botrequests.bot_func:get_value_from_save:297 - message 2070418965: Запрос значения из базы: check_in = 
2021-12-26 18:02:50.519 | INFO     | botrequests.bot_func:update_save:284 - message 2070418965: Обновление в базе: check_in = 2021-12-31
2021-12-26 18:02:50.670 | INFO     | botrequests.bot_func:get_value_from_save:297 - message 2070418965: Запрос значения из базы: check_out = 
2021-12-26 18:02:50.676 | INFO     | botrequests.bot_func:get_value_from_save:297 - message 2070418965: Запрос значения из базы: locale = en_US
2021-12-26 18:02:50.684 | INFO     | botrequests.bot_func:get_value_from_save:297 - message 2070418965: Запрос значения из базы: check_in = 2021-12-31
2021-12-26 18:02:52.160 | INFO     | botrequests.bot_func:get_value_from_save:297 - message 2070418965: Запрос значения из базы: locale = en_US
2021-12-26 18:02:52.168 | INFO     | botrequests.bot_func:get_value_from_save:297 - message 2070418965: Запрос значения из базы: check_in = 2021-12-31
2021-12-26 18:02:55.610 | INFO     | botrequests.bot_func:get_value_from_save:297 - message 2070418965: Запрос значения из базы: locale = en_US
2021-12-26 18:02:55.703 | INFO     | __main__:calendar:70 - call chat_id 327894149: cbcal_0_s_d_2022_1_10
2021-12-26 18:02:55.710 | INFO     | botrequests.bot_func:get_value_from_save:297 - message 2070418965: Запрос значения из базы: check_in = 2021-12-31
2021-12-26 18:02:55.718 | INFO     | botrequests.bot_func:update_save:284 - message 2070418965: Обновление в базе: check_out = 2022-01-10
2021-12-26 18:02:55.860 | INFO     | botrequests.bot_func:get_value_from_save:297 - message 2070418965: Запрос значения из базы: check_out = 2022-01-10
2021-12-26 18:02:55.866 | INFO     | botrequests.bot_func:get_value_from_save:297 - message 2070418965: Запрос значения из базы: check_in = 2021-12-31
2021-12-26 18:02:55.871 | INFO     | botrequests.bot_func:get_value_from_save:297 - message 2070418965: Запрос значения из базы: check_out = 2022-01-10
2021-12-26 18:02:55.873 | INFO     | __main__:calendar:80 - message 2070418965: Даты введены корректно
2021-12-26 18:02:56.006 | INFO     | botrequests.bot_func:get_key_from_save:311 - message: Запрос ключа из базы: city_id = destinationId
2021-12-26 18:02:56.012 | INFO     | botrequests.bot_func:get_value_from_save:297 - message 2070418965: Запрос значения из базы: city_id = 146100
2021-12-26 18:02:56.018 | INFO     | botrequests.bot_func:get_key_from_save:311 - message: Запрос ключа из базы: page_number = pageNumber
2021-12-26 18:02:56.024 | INFO     | botrequests.bot_func:get_value_from_save:297 - message 2070418965: Запрос значения из базы: page_number = 1
2021-12-26 18:02:56.030 | INFO     | botrequests.bot_func:get_key_from_save:311 - message: Запрос ключа из базы: number_hotels = pageSize
2021-12-26 18:02:56.036 | INFO     | botrequests.bot_func:get_value_from_save:297 - message 2070418965: Запрос значения из базы: number_hotels = 5
2021-12-26 18:02:56.041 | INFO     | botrequests.bot_func:get_key_from_save:311 - message: Запрос ключа из базы: check_in = checkIn
2021-12-26 18:02:56.047 | INFO     | botrequests.bot_func:get_value_from_save:297 - message 2070418965: Запрос значения из базы: check_in = 2021-12-31
2021-12-26 18:02:56.052 | INFO     | botrequests.bot_func:get_key_from_save:311 - message: Запрос ключа из базы: check_out = checkOut
2021-12-26 18:02:56.058 | INFO     | botrequests.bot_func:get_value_from_save:297 - message 2070418965: Запрос значения из базы: check_out = 2022-01-10
2021-12-26 18:02:56.064 | INFO     | botrequests.bot_func:get_key_from_save:311 - message: Запрос ключа из базы: number_persons = adults1
2021-12-26 18:02:56.071 | INFO     | botrequests.bot_func:get_value_from_save:297 - message 2070418965: Запрос значения из базы: number_persons = 1
2021-12-26 18:02:56.078 | INFO     | botrequests.bot_func:get_key_from_save:311 - message: Запрос ключа из базы: sort_order = sortOrder
2021-12-26 18:02:56.084 | INFO     | botrequests.bot_func:get_value_from_save:297 - message 2070418965: Запрос значения из базы: sort_order = PRICE
2021-12-26 18:02:56.092 | INFO     | botrequests.bot_func:get_key_from_save:311 - message: Запрос ключа из базы: locale = locale
2021-12-26 18:02:56.099 | INFO     | botrequests.bot_func:get_value_from_save:297 - message 2070418965: Запрос значения из базы: locale = en_US
2021-12-26 18:02:56.106 | INFO     | botrequests.bot_func:get_key_from_save:311 - message: Запрос ключа из базы: currency = currency
2021-12-26 18:02:56.114 | INFO     | botrequests.bot_func:get_value_from_save:297 - message 2070418965: Запрос значения из базы: currency = USD
2021-12-26 18:03:01.942 | INFO     | botrequests.bot_func:object_search:164 - message 2070418965: Запрос от search_hotels отработан
2021-12-26 18:03:01.943 | INFO     | botrequests.bot_func:search_hotels:144 - message 2070418965: Обнаружено 5 вариантов отелей
2021-12-26 18:27:54.334 | INFO     | __main__:<module>:126 - Bot is starting
2021-12-26 18:27:54.341 | INFO     | botrequests.bot_func:create_database:249 - message: таблицы Session и HistoryQuery созданы или существуют
2021-12-26 18:28:02.802 | INFO     | __main__:text_handler:117 - message chat_id 327894149: Yhhgvg
2021-12-26 18:28:10.768 | INFO     | __main__:request_handler:46 - message 327894149/highprice
2021-12-26 18:28:10.784 | INFO     | botrequests.bot_func:add_new_save:274 - message 327894149: Начальная запись текущего запроса создана
2021-12-26 18:28:17.726 | INFO     | botrequests.bot_func:update_save:288 - message 327894149: Обновление в базе: query = Soch
2021-12-26 18:28:17.872 | INFO     | botrequests.bot_func:update_save:288 - message 327894149: Обновление в базе: locale = en_US
2021-12-26 18:28:18.004 | INFO     | botrequests.bot_func:update_save:288 - message 327894149: Обновление в базе: currency = USD
2021-12-26 18:28:18.146 | INFO     | botrequests.bot_func:get_key_from_save:315 - message: Запрос ключа из базы: query = query
2021-12-26 18:28:18.152 | INFO     | botrequests.bot_func:get_value_from_save:301 - message 327894149: Запрос значения из базы: query = Soch
2021-12-26 18:28:18.157 | INFO     | botrequests.bot_func:get_key_from_save:315 - message: Запрос ключа из базы: locale = locale
2021-12-26 18:28:18.163 | INFO     | botrequests.bot_func:get_value_from_save:301 - message 327894149: Запрос значения из базы: locale = en_US
2021-12-26 18:28:18.168 | INFO     | botrequests.bot_func:get_key_from_save:315 - message: Запрос ключа из базы: currency = currency
2021-12-26 18:28:18.174 | INFO     | botrequests.bot_func:get_value_from_save:301 - message 327894149: Запрос значения из базы: currency = USD
2021-12-26 18:28:19.348 | INFO     | botrequests.bot_func:object_search:168 - message 327894149: Запрос от search_city отработан
2021-12-26 18:28:19.349 | INFO     | botrequests.bot_func:search_city:40 - message 327894149: Найдено 2 вариантов названия города на выбор
2021-12-26 18:28:22.221 | INFO     | __main__:callback_inline:95 - call chat_id 327894149: 1662648.city_id
2021-12-26 18:28:22.262 | INFO     | botrequests.bot_func:update_save:288 - message 2070418965: Обновление в базе: city_id = 1662648
2021-12-26 18:28:27.673 | INFO     | botrequests.bot_func:number_hotels:58 - message 327894149: Количество отелей введено корректно
2021-12-26 18:28:27.728 | INFO     | botrequests.bot_func:update_save:288 - message 327894149: Обновление в базе: number_hotels = 7
2021-12-26 18:28:31.537 | INFO     | botrequests.bot_func:number_guests:79 - message 327894149: Количество гостей введено корректно
2021-12-26 18:28:31.584 | INFO     | botrequests.bot_func:update_save:288 - message 327894149: Обновление в базе: number_persons = 2
2021-12-26 18:28:31.740 | INFO     | botrequests.bot_func:get_value_from_save:301 - message 327894149: Запрос значения из базы: locale = en_US
2021-12-26 18:28:31.749 | INFO     | botrequests.bot_func:get_value_from_save:301 - message 327894149: Запрос значения из базы: check_in = 
2021-12-26 18:28:35.023 | INFO     | botrequests.bot_func:get_value_from_save:301 - message 2070418965: Запрос значения из базы: locale = en_US
2021-12-26 18:28:35.031 | INFO     | botrequests.bot_func:get_value_from_save:301 - message 2070418965: Запрос значения из базы: check_in = 
2021-12-26 18:28:37.331 | INFO     | botrequests.bot_func:get_value_from_save:301 - message 2070418965: Запрос значения из базы: locale = en_US
2021-12-26 18:28:37.446 | INFO     | __main__:calendar:70 - call chat_id 327894149: cbcal_0_s_d_2022_1_11
2021-12-26 18:28:37.452 | INFO     | botrequests.bot_func:get_value_from_save:301 - message 2070418965: Запрос значения из базы: check_in = 
2021-12-26 18:28:37.506 | INFO     | botrequests.bot_func:update_save:288 - message 2070418965: Обновление в базе: check_in = 2022-01-11
2021-12-26 18:28:37.647 | INFO     | botrequests.bot_func:get_value_from_save:301 - message 2070418965: Запрос значения из базы: check_out = 
2021-12-26 18:28:37.652 | INFO     | botrequests.bot_func:get_value_from_save:301 - message 2070418965: Запрос значения из базы: locale = en_US
2021-12-26 18:28:37.660 | INFO     | botrequests.bot_func:get_value_from_save:301 - message 2070418965: Запрос значения из базы: check_in = 2022-01-11
2021-12-26 18:28:39.525 | INFO     | botrequests.bot_func:get_value_from_save:301 - message 2070418965: Запрос значения из базы: locale = en_US
2021-12-26 18:28:39.532 | INFO     | botrequests.bot_func:get_value_from_save:301 - message 2070418965: Запрос значения из базы: check_in = 2022-01-11
2021-12-26 18:28:41.309 | INFO     | botrequests.bot_func:get_value_from_save:301 - message 2070418965: Запрос значения из базы: locale = en_US
2021-12-26 18:28:41.588 | INFO     | __main__:calendar:70 - call chat_id 327894149: cbcal_0_s_d_2022_1_18
2021-12-26 18:28:41.594 | INFO     | botrequests.bot_func:get_value_from_save:301 - message 2070418965: Запрос значения из базы: check_in = 2022-01-11
2021-12-26 18:28:41.640 | INFO     | botrequests.bot_func:update_save:288 - message 2070418965: Обновление в базе: check_out = 2022-01-18
2021-12-26 18:28:41.768 | INFO     | botrequests.bot_func:get_value_from_save:301 - message 2070418965: Запрос значения из базы: check_out = 2022-01-18
2021-12-26 18:28:41.774 | INFO     | botrequests.bot_func:get_value_from_save:301 - message 2070418965: Запрос значения из базы: check_in = 2022-01-11
2021-12-26 18:28:41.780 | INFO     | botrequests.bot_func:get_value_from_save:301 - message 2070418965: Запрос значения из базы: check_out = 2022-01-18
2021-12-26 18:28:41.781 | INFO     | __main__:calendar:80 - message 2070418965: Даты введены корректно
2021-12-26 18:28:41.900 | INFO     | botrequests.bot_func:get_key_from_save:315 - message: Запрос ключа из базы: city_id = destinationId
2021-12-26 18:28:41.906 | INFO     | botrequests.bot_func:get_value_from_save:301 - message 2070418965: Запрос значения из базы: city_id = 1662648
2021-12-26 18:28:41.912 | INFO     | botrequests.bot_func:get_key_from_save:315 - message: Запрос ключа из базы: page_number = pageNumber
2021-12-26 18:28:41.919 | INFO     | botrequests.bot_func:get_value_from_save:301 - message 2070418965: Запрос значения из базы: page_number = 1
2021-12-26 18:28:41.924 | INFO     | botrequests.bot_func:get_key_from_save:315 - message: Запрос ключа из базы: number_hotels = pageSize
2021-12-26 18:28:41.930 | INFO     | botrequests.bot_func:get_value_from_save:301 - message 2070418965: Запрос значения из базы: number_hotels = 7
2021-12-26 18:28:41.937 | INFO     | botrequests.bot_func:get_key_from_save:315 - message: Запрос ключа из базы: check_in = checkIn
2021-12-26 18:28:41.942 | INFO     | botrequests.bot_func:get_value_from_save:301 - message 2070418965: Запрос значения из базы: check_in = 2022-01-11
2021-12-26 18:28:41.948 | INFO     | botrequests.bot_func:get_key_from_save:315 - message: Запрос ключа из базы: check_out = checkOut
2021-12-26 18:28:41.954 | INFO     | botrequests.bot_func:get_value_from_save:301 - message 2070418965: Запрос значения из базы: check_out = 2022-01-18
2021-12-26 18:28:41.960 | INFO     | botrequests.bot_func:get_key_from_save:315 - message: Запрос ключа из базы: number_persons = adults1
2021-12-26 18:28:41.965 | INFO     | botrequests.bot_func:get_value_from_save:301 - message 2070418965: Запрос значения из базы: number_persons = 2
2021-12-26 18:28:41.971 | INFO     | botrequests.bot_func:get_key_from_save:315 - message: Запрос ключа из базы: sort_order = sortOrder
2021-12-26 18:28:41.976 | INFO     | botrequests.bot_func:get_value_from_save:301 - message 2070418965: Запрос значения из базы: sort_order = PRICE_HIGHEST_FIRST
2021-12-26 18:28:41.982 | INFO     | botrequests.bot_func:get_key_from_save:315 - message: Запрос ключа из базы: locale = locale
2021-12-26 18:28:41.988 | INFO     | botrequests.bot_func:get_value_from_save:301 - message 2070418965: Запрос значения из базы: locale = en_US
2021-12-26 18:28:41.994 | INFO     | botrequests.bot_func:get_key_from_save:315 - message: Запрос ключа из базы: currency = currency
2021-12-26 18:28:41.999 | INFO     | botrequests.bot_func:get_value_from_save:301 - message 2070418965: Запрос значения из базы: currency = USD
2021-12-26 18:28:47.155 | INFO     | botrequests.bot_func:object_search:168 - message 2070418965: Запрос от search_hotels отработан
2021-12-26 18:28:47.156 | INFO     | botrequests.bot_func:search_hotels:144 - message 2070418965: Обнаружено 7 вариантов отелей
2021-12-26 18:29:00.580 | INFO     | __main__:callback_inline:95 - call chat_id 327894149: 453705.hotel_id
2021-12-26 18:29:00.618 | INFO     | botrequests.bot_func:update_save:288 - message 2070418965: Обновление в базе: hotel_id = 453705
2021-12-26 18:29:02.405 | INFO     | __main__:callback_inline:95 - call chat_id 327894149: Yes.photo
2021-12-26 18:29:35.051 | INFO     | botrequests.bot_func:number_photos:220 - message 327894149: Количество фотографий корректное
2021-12-26 18:29:35.085 | INFO     | botrequests.bot_func:update_save:288 - message 327894149: Обновление в базе: hotel_pics = 5
2021-12-26 18:29:35.214 | INFO     | botrequests.bot_func:get_key_from_save:315 - message: Запрос ключа из базы: hotel_id = id
2021-12-26 18:29:35.220 | INFO     | botrequests.bot_func:get_value_from_save:301 - message 327894149: Запрос значения из базы: hotel_id = 453705
2021-12-26 18:29:35.226 | INFO     | botrequests.bot_func:get_key_from_save:315 - message: Запрос ключа из базы: check_in = checkIn
2021-12-26 18:29:35.231 | INFO     | botrequests.bot_func:get_value_from_save:301 - message 327894149: Запрос значения из базы: check_in = 2022-01-11
2021-12-26 18:29:35.237 | INFO     | botrequests.bot_func:get_key_from_save:315 - message: Запрос ключа из базы: check_out = checkOut
2021-12-26 18:29:35.242 | INFO     | botrequests.bot_func:get_value_from_save:301 - message 327894149: Запрос значения из базы: check_out = 2022-01-18
2021-12-26 18:29:35.248 | INFO     | botrequests.bot_func:get_key_from_save:315 - message: Запрос ключа из базы: number_persons = adults1
2021-12-26 18:29:35.254 | INFO     | botrequests.bot_func:get_value_from_save:301 - message 327894149: Запрос значения из базы: number_persons = 2
2021-12-26 18:29:35.260 | INFO     | botrequests.bot_func:get_key_from_save:315 - message: Запрос ключа из базы: locale = locale
2021-12-26 18:29:35.267 | INFO     | botrequests.bot_func:get_value_from_save:301 - message 327894149: Запрос значения из базы: locale = en_US
2021-12-26 18:29:35.273 | INFO     | botrequests.bot_func:get_key_from_save:315 - message: Запрос ключа из базы: currency = currency
2021-12-26 18:29:35.280 | INFO     | botrequests.bot_func:get_value_from_save:301 - message 327894149: Запрос значения из базы: currency = USD
2021-12-26 18:29:39.002 | INFO     | botrequests.bot_func:object_search:168 - message 327894149: Запрос от search_hotel_info отработан
2021-12-26 18:29:39.003 | INFO     | botrequests.bot_func:search_hotel_info:187 - message 327894149: Информация об отеле отправлена пользователю
2021-12-26 18:29:39.157 | INFO     | botrequests.bot_func:get_value_from_save:301 - message 327894149: Запрос значения из базы: hotel_pics = 5
2021-12-26 18:29:39.163 | INFO     | botrequests.bot_func:get_key_from_save:315 - message: Запрос ключа из базы: hotel_id = id
2021-12-26 18:29:39.169 | INFO     | botrequests.bot_func:get_value_from_save:301 - message 327894149: Запрос значения из базы: hotel_id = 453705
2021-12-26 18:29:41.001 | INFO     | botrequests.bot_func:object_search:168 - message 327894149: Запрос от search_hotel_photos отработан
2021-12-26 18:29:41.007 | INFO     | botrequests.bot_func:get_value_from_save:301 - message 327894149: Запрос значения из базы: hotel_pics = 5
2021-12-26 18:29:54.364 | INFO     | botrequests.bot_func:search_hotel_photos:242 - message 327894149: 5 фотографий отправлено пользователю
